c:\users\my\documents\github\consoleengine\debug\consoleengine.pdb
c:\users\my\documents\github\consoleengine\debug\consoleengine.idb
c:\users\my\documents\github\consoleengine\consoleengine\debug\vector.obj
c:\users\my\documents\github\consoleengine\consoleengine\debug\time.obj
c:\users\my\documents\github\consoleengine\consoleengine\debug\sprite.obj
c:\users\my\documents\github\consoleengine\consoleengine\debug\scene.obj
c:\users\my\documents\github\consoleengine\consoleengine\debug\matrix.obj
c:\users\my\documents\github\consoleengine\consoleengine\debug\math.obj
c:\users\my\documents\github\consoleengine\consoleengine\debug\keyboard.obj
c:\users\my\documents\github\consoleengine\consoleengine\debug\graphic.obj
c:\users\my\documents\github\consoleengine\consoleengine\debug\gameobject.obj
c:\users\my\documents\github\consoleengine\consoleengine\debug\consoleengine.obj
c:\users\my\documents\github\consoleengine\consoleengine\debug\defaultgameobjects.obj
c:\users\my\documents\github\consoleengine\consoleengine\debug\defaultcomponents.obj
c:\users\my\documents\github\consoleengine\consoleengine\debug\debug.obj
c:\users\my\documents\github\consoleengine\consoleengine\debug\component.obj
c:\users\my\documents\github\consoleengine\consoleengine\debug\color.obj
c:\users\my\documents\github\consoleengine\consoleengine\debug\animation.obj
c:\users\my\documents\github\consoleengine\debug\consoleengine.lib
c:\users\my\documents\github\consoleengine\consoleengine\debug\engine.obj
c:\users\my\documents\github\consoleengine\consoleengine\debug\graphic.obj.enc
c:\users\my\documents\github\consoleengine\consoleengine\debug\vc143.idb
c:\users\my\documents\github\consoleengine\consoleengine\debug\vc143.pdb
c:\users\my\documents\github\consoleengine\consoleengine\debug\consoleengine.tlog\cl.command.1.tlog
c:\users\my\documents\github\consoleengine\consoleengine\debug\consoleengine.tlog\cl.read.1.tlog
c:\users\my\documents\github\consoleengine\consoleengine\debug\consoleengine.tlog\cl.write.1.tlog
c:\users\my\documents\github\consoleengine\consoleengine\debug\consoleengine.tlog\lib-link.read.1.tlog
c:\users\my\documents\github\consoleengine\consoleengine\debug\consoleengine.tlog\lib-link.write.1.tlog
c:\users\my\documents\github\consoleengine\consoleengine\debug\consoleengine.tlog\lib.command.1.tlog
c:\users\my\documents\github\consoleengine\consoleengine\debug\consoleengine.tlog\link.19316-cvtres.read.1.tlog
c:\users\my\documents\github\consoleengine\consoleengine\debug\consoleengine.tlog\link.19316-cvtres.write.1.tlog
c:\users\my\documents\github\consoleengine\consoleengine\debug\consoleengine.tlog\link.19316-rc.read.1.tlog
c:\users\my\documents\github\consoleengine\consoleengine\debug\consoleengine.tlog\link.19316-rc.write.1.tlog
c:\users\my\documents\github\consoleengine\consoleengine\debug\consoleengine.tlog\link.19316.read.1.tlog
c:\users\my\documents\github\consoleengine\consoleengine\debug\consoleengine.tlog\link.19316.write.1.tlog
c:\users\my\documents\github\consoleengine\consoleengine\debug\consoleengine.tlog\link.command.1.tlog
c:\users\my\documents\github\consoleengine\consoleengine\debug\consoleengine.tlog\link.read.1.tlog
c:\users\my\documents\github\consoleengine\consoleengine\debug\consoleengine.tlog\link.write.1.tlog
