  Animation.cpp
  Color.cpp
  Component.cpp
  DefaultComponents.cpp
F:\Github Project\ConsoleEngine\ConsoleEngine\GameObject.h(25,10): error C3646: 'pos': 알 수 없는 재정의 지정자입니다.
F:\Github Project\ConsoleEngine\ConsoleEngine\GameObject.h(25,13): error C4430: 형식 지정자가 없습니다. int로 가정합니다. 참고: C++에서는 기본 int를 지원하지 않습니다.
F:\Github Project\ConsoleEngine\ConsoleEngine\GameObject.h(26,10): error C3646: 'scale': 알 수 없는 재정의 지정자입니다.
F:\Github Project\ConsoleEngine\ConsoleEngine\GameObject.h(26,15): error C4430: 형식 지정자가 없습니다. int로 가정합니다. 참고: C++에서는 기본 int를 지원하지 않습니다.
F:\Github Project\ConsoleEngine\ConsoleEngine\GameObject.h(27,10): error C3646: 'rotate': 알 수 없는 재정의 지정자입니다.
F:\Github Project\ConsoleEngine\ConsoleEngine\GameObject.h(27,16): error C4430: 형식 지정자가 없습니다. int로 가정합니다. 참고: C++에서는 기본 int를 지원하지 않습니다.
F:\Github Project\ConsoleEngine\ConsoleEngine\DefaultComponents.h(31,18): error C2065: 'Vector4': 선언되지 않은 식별자입니다.
F:\Github Project\ConsoleEngine\ConsoleEngine\DefaultComponents.h(31,8): error C2923: 'std::pair': 'Vector4'은(는) '_Ty2' 매개 변수에 대한 올바른 템플릿 형식 인수가 아닙니다.
F:\Github Project\ConsoleEngine\ConsoleEngine\DefaultComponents.h(31): message : 'Vector4' 선언을 참조하십시오.
F:\Github Project\ConsoleEngine\ConsoleEngine\DefaultComponents.h(31,8): error C3203: 'pair': 특수화되지 않은 클래스 템플릿은(는) 템플릿 매개 변수 '_Ty'에 대한 템플릿 인수로 사용할 수 없습니다. 실제 형식이 필요합니다.
F:\Github Project\ConsoleEngine\ConsoleEngine\DefaultComponents.h(37,10): error C2143: 구문 오류: ';'이(가) '*' 앞에 없습니다.
F:\Github Project\ConsoleEngine\ConsoleEngine\DefaultComponents.h(37,10): error C4430: 형식 지정자가 없습니다. int로 가정합니다. 참고: C++에서는 기본 int를 지원하지 않습니다.
F:\Github Project\ConsoleEngine\ConsoleEngine\DefaultComponents.h(37,37): error C2238: ';' 앞에 예기치 않은 토큰이 있습니다.
F:\Github Project\ConsoleEngine\ConsoleEngine\DefaultComponents.h(38,10): error C2143: 구문 오류: ';'이(가) '*' 앞에 없습니다.
F:\Github Project\ConsoleEngine\ConsoleEngine\DefaultComponents.h(38,10): error C4430: 형식 지정자가 없습니다. int로 가정합니다. 참고: C++에서는 기본 int를 지원하지 않습니다.
F:\Github Project\ConsoleEngine\ConsoleEngine\DefaultComponents.h(38,32): error C2238: ';' 앞에 예기치 않은 토큰이 있습니다.
F:\Github Project\ConsoleEngine\ConsoleEngine\DefaultComponents.cpp(8,35): error C2039: 'pos': 'GameObject'의 멤버가 아닙니다.
F:\Github Project\ConsoleEngine\ConsoleEngine\GameObject.h(10): message : 'GameObject' 선언을 참조하십시오.
F:\Github Project\ConsoleEngine\ConsoleEngine\DefaultComponents.cpp(31,2): error C2065: 'Vector4': 선언되지 않은 식별자입니다.
F:\Github Project\ConsoleEngine\ConsoleEngine\DefaultComponents.cpp(31,10): error C2146: 구문 오류: ';'이(가) 'beforePos' 식별자 앞에 없습니다.
F:\Github Project\ConsoleEngine\ConsoleEngine\DefaultComponents.cpp(31,10): error C2065: 'beforePos': 선언되지 않은 식별자입니다.
F:\Github Project\ConsoleEngine\ConsoleEngine\DefaultComponents.cpp(34,9): error C2065: 'beforePos': 선언되지 않은 식별자입니다.
F:\Github Project\ConsoleEngine\ConsoleEngine\DefaultComponents.cpp(37,22): error C2065: 'beforePos': 선언되지 않은 식별자입니다.
F:\Github Project\ConsoleEngine\ConsoleEngine\DefaultComponents.cpp(39,43): error C2039: 'pos': 'GameObject'의 멤버가 아닙니다.
F:\Github Project\ConsoleEngine\ConsoleEngine\GameObject.h(10): message : 'GameObject' 선언을 참조하십시오.
F:\Github Project\ConsoleEngine\ConsoleEngine\DefaultComponents.cpp(39,48): error C2065: 'beforePos': 선언되지 않은 식별자입니다.
F:\Github Project\ConsoleEngine\ConsoleEngine\DefaultComponents.cpp(39,72): error C2039: 'pos': 'GameObject'의 멤버가 아닙니다.
F:\Github Project\ConsoleEngine\ConsoleEngine\GameObject.h(10): message : 'GameObject' 선언을 참조하십시오.
F:\Github Project\ConsoleEngine\ConsoleEngine\DefaultComponents.cpp(39,89): error C2039: 'pos': 'GameObject'의 멤버가 아닙니다.
F:\Github Project\ConsoleEngine\ConsoleEngine\GameObject.h(10): message : 'GameObject' 선언을 참조하십시오.
F:\Github Project\ConsoleEngine\ConsoleEngine\DefaultComponents.cpp(39,101): error C2661: 'Graphic::Line': 오버로드된 함수에서 2개의 인수를 사용하지 않습니다.
F:\Github Project\ConsoleEngine\ConsoleEngine\DefaultComponents.cpp(40,4): error C2065: 'beforePos': 선언되지 않은 식별자입니다.
F:\Github Project\ConsoleEngine\ConsoleEngine\DefaultComponents.cpp(44,51): error C2039: 'pos': 'GameObject'의 멤버가 아닙니다.
F:\Github Project\ConsoleEngine\ConsoleEngine\GameObject.h(10): message : 'GameObject' 선언을 참조하십시오.
F:\Github Project\ConsoleEngine\ConsoleEngine\DefaultComponents.cpp(44,93): error C2039: 'pos': 'GameObject'의 멤버가 아닙니다.
F:\Github Project\ConsoleEngine\ConsoleEngine\GameObject.h(10): message : 'GameObject' 선언을 참조하십시오.
F:\Github Project\ConsoleEngine\ConsoleEngine\DefaultComponents.cpp(44,110): error C2039: 'pos': 'GameObject'의 멤버가 아닙니다.
F:\Github Project\ConsoleEngine\ConsoleEngine\GameObject.h(10): message : 'GameObject' 선언을 참조하십시오.
F:\Github Project\ConsoleEngine\ConsoleEngine\DefaultComponents.cpp(44,122): error C2661: 'Graphic::Line': 오버로드된 함수에서 2개의 인수를 사용하지 않습니다.
F:\Github Project\ConsoleEngine\ConsoleEngine\DefaultComponents.cpp(49,8): error C2143: 구문 오류: ';'이(가) '*' 앞에 없습니다.
F:\Github Project\ConsoleEngine\ConsoleEngine\DefaultComponents.cpp(49,8): error C4430: 형식 지정자가 없습니다. int로 가정합니다. 참고: C++에서는 기본 int를 지원하지 않습니다.
F:\Github Project\ConsoleEngine\ConsoleEngine\DefaultComponents.cpp(49,27): error C2039: 'AddVertex': 'DefaultComponents::PolygonRenderer'의 멤버가 아닙니다.
F:\Github Project\ConsoleEngine\ConsoleEngine\DefaultComponents.h(28): message : 'DefaultComponents::PolygonRenderer' 선언을 참조하십시오.
F:\Github Project\ConsoleEngine\ConsoleEngine\DefaultComponents.cpp(49,45): error C4430: 형식 지정자가 없습니다. int로 가정합니다. 참고: C++에서는 기본 int를 지원하지 않습니다.
F:\Github Project\ConsoleEngine\ConsoleEngine\DefaultComponents.cpp(49,45): error C2146: 구문 오류: ')'이(가) 'vertex' 식별자 앞에 없습니다.
F:\Github Project\ConsoleEngine\ConsoleEngine\DefaultComponents.cpp(49,53): error C2143: 구문 오류: ';'이(가) '{' 앞에 없습니다.
F:\Github Project\ConsoleEngine\ConsoleEngine\DefaultComponents.cpp(49,53): error C2447: '{': 함수 헤더가 없습니다. 이전 스타일의 형식 목록입니까?
F:\Github Project\ConsoleEngine\ConsoleEngine\DefaultComponents.cpp(54,8): error C2143: 구문 오류: ';'이(가) '*' 앞에 없습니다.
F:\Github Project\ConsoleEngine\ConsoleEngine\DefaultComponents.cpp(54,8): error C4430: 형식 지정자가 없습니다. int로 가정합니다. 참고: C++에서는 기본 int를 지원하지 않습니다.
F:\Github Project\ConsoleEngine\ConsoleEngine\DefaultComponents.cpp(54,1): error C2086: 'int Vector4': 재정의
F:\Github Project\ConsoleEngine\ConsoleEngine\DefaultComponents.cpp(49): message : 'Vector4' 선언을 참조하십시오.
F:\Github Project\ConsoleEngine\ConsoleEngine\DefaultComponents.cpp(54,27): error C2039: 'GetVertex': 'DefaultComponents::PolygonRenderer'의 멤버가 아닙니다.
F:\Github Project\ConsoleEngine\ConsoleEngine\DefaultComponents.h(28): message : 'DefaultComponents::PolygonRenderer' 선언을 참조하십시오.
F:\Github Project\ConsoleEngine\ConsoleEngine\DefaultComponents.cpp(54,48): error C4430: 형식 지정자가 없습니다. int로 가정합니다. 참고: C++에서는 기본 int를 지원하지 않습니다.
F:\Github Project\ConsoleEngine\ConsoleEngine\DefaultComponents.cpp(54,48): error C2059: 구문 오류: '{'
F:\Github Project\ConsoleEngine\ConsoleEngine\DefaultComponents.cpp(54,48): error C2143: 구문 오류: ';'이(가) '{' 앞에 없습니다.
F:\Github Project\ConsoleEngine\ConsoleEngine\DefaultComponents.cpp(54,48): error C2447: '{': 함수 헤더가 없습니다. 이전 스타일의 형식 목록입니까?
F:\Github Project\ConsoleEngine\ConsoleEngine\DefaultComponents.cpp(71,34): error C2039: 'pos': 'GameObject'의 멤버가 아닙니다.
F:\Github Project\ConsoleEngine\ConsoleEngine\GameObject.h(10): message : 'GameObject' 선언을 참조하십시오.
  DefaultGameObjects.cpp
F:\Github Project\ConsoleEngine\ConsoleEngine\GameObject.h(25,10): error C3646: 'pos': 알 수 없는 재정의 지정자입니다.
F:\Github Project\ConsoleEngine\ConsoleEngine\GameObject.h(25,13): error C4430: 형식 지정자가 없습니다. int로 가정합니다. 참고: C++에서는 기본 int를 지원하지 않습니다.
F:\Github Project\ConsoleEngine\ConsoleEngine\GameObject.h(26,10): error C3646: 'scale': 알 수 없는 재정의 지정자입니다.
F:\Github Project\ConsoleEngine\ConsoleEngine\GameObject.h(26,15): error C4430: 형식 지정자가 없습니다. int로 가정합니다. 참고: C++에서는 기본 int를 지원하지 않습니다.
F:\Github Project\ConsoleEngine\ConsoleEngine\GameObject.h(27,10): error C3646: 'rotate': 알 수 없는 재정의 지정자입니다.
F:\Github Project\ConsoleEngine\ConsoleEngine\GameObject.h(27,16): error C4430: 형식 지정자가 없습니다. int로 가정합니다. 참고: C++에서는 기본 int를 지원하지 않습니다.
F:\Github Project\ConsoleEngine\ConsoleEngine\DefaultComponents.h(31,18): error C2065: 'Vector4': 선언되지 않은 식별자입니다.
F:\Github Project\ConsoleEngine\ConsoleEngine\DefaultComponents.h(31,8): error C2923: 'std::pair': 'Vector4'은(는) '_Ty2' 매개 변수에 대한 올바른 템플릿 형식 인수가 아닙니다.
F:\Github Project\ConsoleEngine\ConsoleEngine\DefaultComponents.h(31): message : 'Vector4' 선언을 참조하십시오.
F:\Github Project\ConsoleEngine\ConsoleEngine\DefaultComponents.h(31,8): error C3203: 'pair': 특수화되지 않은 클래스 템플릿은(는) 템플릿 매개 변수 '_Ty'에 대한 템플릿 인수로 사용할 수 없습니다. 실제 형식이 필요합니다.
F:\Github Project\ConsoleEngine\ConsoleEngine\DefaultComponents.h(37,10): error C2143: 구문 오류: ';'이(가) '*' 앞에 없습니다.
F:\Github Project\ConsoleEngine\ConsoleEngine\DefaultComponents.h(37,10): error C4430: 형식 지정자가 없습니다. int로 가정합니다. 참고: C++에서는 기본 int를 지원하지 않습니다.
F:\Github Project\ConsoleEngine\ConsoleEngine\DefaultComponents.h(37,37): error C2238: ';' 앞에 예기치 않은 토큰이 있습니다.
F:\Github Project\ConsoleEngine\ConsoleEngine\DefaultComponents.h(38,10): error C2143: 구문 오류: ';'이(가) '*' 앞에 없습니다.
F:\Github Project\ConsoleEngine\ConsoleEngine\DefaultComponents.h(38,10): error C4430: 형식 지정자가 없습니다. int로 가정합니다. 참고: C++에서는 기본 int를 지원하지 않습니다.
F:\Github Project\ConsoleEngine\ConsoleEngine\DefaultComponents.h(38,32): error C2238: ';' 앞에 예기치 않은 토큰이 있습니다.
  ConsoleEngine.cpp
F:\Github Project\ConsoleEngine\ConsoleEngine\GameObject.h(25,10): error C3646: 'pos': 알 수 없는 재정의 지정자입니다.
F:\Github Project\ConsoleEngine\ConsoleEngine\GameObject.h(25,13): error C4430: 형식 지정자가 없습니다. int로 가정합니다. 참고: C++에서는 기본 int를 지원하지 않습니다.
F:\Github Project\ConsoleEngine\ConsoleEngine\GameObject.h(26,10): error C3646: 'scale': 알 수 없는 재정의 지정자입니다.
F:\Github Project\ConsoleEngine\ConsoleEngine\GameObject.h(26,15): error C4430: 형식 지정자가 없습니다. int로 가정합니다. 참고: C++에서는 기본 int를 지원하지 않습니다.
F:\Github Project\ConsoleEngine\ConsoleEngine\GameObject.h(27,10): error C3646: 'rotate': 알 수 없는 재정의 지정자입니다.
F:\Github Project\ConsoleEngine\ConsoleEngine\GameObject.h(27,16): error C4430: 형식 지정자가 없습니다. int로 가정합니다. 참고: C++에서는 기본 int를 지원하지 않습니다.
F:\Github Project\ConsoleEngine\ConsoleEngine\DefaultComponents.h(31,18): error C2065: 'Vector4': 선언되지 않은 식별자입니다.
F:\Github Project\ConsoleEngine\ConsoleEngine\DefaultComponents.h(31,8): error C2923: 'std::pair': 'Vector4'은(는) '_Ty2' 매개 변수에 대한 올바른 템플릿 형식 인수가 아닙니다.
F:\Github Project\ConsoleEngine\ConsoleEngine\DefaultComponents.h(31): message : 'Vector4' 선언을 참조하십시오.
F:\Github Project\ConsoleEngine\ConsoleEngine\DefaultComponents.h(31,8): error C3203: 'pair': 특수화되지 않은 클래스 템플릿은(는) 템플릿 매개 변수 '_Ty'에 대한 템플릿 인수로 사용할 수 없습니다. 실제 형식이 필요합니다.
F:\Github Project\ConsoleEngine\ConsoleEngine\DefaultComponents.h(37,10): error C2143: 구문 오류: ';'이(가) '*' 앞에 없습니다.
F:\Github Project\ConsoleEngine\ConsoleEngine\DefaultComponents.h(37,10): error C4430: 형식 지정자가 없습니다. int로 가정합니다. 참고: C++에서는 기본 int를 지원하지 않습니다.
F:\Github Project\ConsoleEngine\ConsoleEngine\DefaultComponents.h(37,37): error C2238: ';' 앞에 예기치 않은 토큰이 있습니다.
F:\Github Project\ConsoleEngine\ConsoleEngine\DefaultComponents.h(38,10): error C2143: 구문 오류: ';'이(가) '*' 앞에 없습니다.
F:\Github Project\ConsoleEngine\ConsoleEngine\DefaultComponents.h(38,10): error C4430: 형식 지정자가 없습니다. int로 가정합니다. 참고: C++에서는 기본 int를 지원하지 않습니다.
F:\Github Project\ConsoleEngine\ConsoleEngine\DefaultComponents.h(38,32): error C2238: ';' 앞에 예기치 않은 토큰이 있습니다.
  GameObject.cpp
F:\Github Project\ConsoleEngine\ConsoleEngine\GameObject.h(25,10): error C3646: 'pos': 알 수 없는 재정의 지정자입니다.
F:\Github Project\ConsoleEngine\ConsoleEngine\GameObject.h(25,13): error C4430: 형식 지정자가 없습니다. int로 가정합니다. 참고: C++에서는 기본 int를 지원하지 않습니다.
F:\Github Project\ConsoleEngine\ConsoleEngine\GameObject.h(26,10): error C3646: 'scale': 알 수 없는 재정의 지정자입니다.
F:\Github Project\ConsoleEngine\ConsoleEngine\GameObject.h(26,15): error C4430: 형식 지정자가 없습니다. int로 가정합니다. 참고: C++에서는 기본 int를 지원하지 않습니다.
F:\Github Project\ConsoleEngine\ConsoleEngine\GameObject.h(27,10): error C3646: 'rotate': 알 수 없는 재정의 지정자입니다.
F:\Github Project\ConsoleEngine\ConsoleEngine\GameObject.h(27,16): error C4430: 형식 지정자가 없습니다. int로 가정합니다. 참고: C++에서는 기본 int를 지원하지 않습니다.
  Graphic.cpp
F:\Github Project\ConsoleEngine\ConsoleEngine\Graphic.cpp(22,45): warning C4316: 'Graphic': 힙에 할당된 개체가 16에 맞추어져 있지 않을 수도 있습니다
F:\Github Project\ConsoleEngine\ConsoleEngine\Graphic.cpp(44,40): error C2676: 이항 '*': 'Vector4i'이(가) 이 연산자를 정의하지 않거나 미리 정의된 연산자에 허용되는 형식으로의 변환을 정의하지 않습니다.
F:\Github Project\ConsoleEngine\ConsoleEngine\Graphic.cpp(119,2): error C2065: 'Vector4': 선언되지 않은 식별자입니다.
F:\Github Project\ConsoleEngine\ConsoleEngine\Graphic.cpp(119,10): error C2146: 구문 오류: ';'이(가) 'Temp' 식별자 앞에 없습니다.
F:\Github Project\ConsoleEngine\ConsoleEngine\Graphic.cpp(119,10): error C2065: 'Temp': 선언되지 않은 식별자입니다.
F:\Github Project\ConsoleEngine\ConsoleEngine\Graphic.cpp(119,115): error C3079: 이니셜라이저 목록을 이 대입 연산자의 오른쪽 피연산자로 사용할 수 없습니다.
F:\Github Project\ConsoleEngine\ConsoleEngine\Graphic.cpp(121,2): error C2065: 'Temp': 선언되지 않은 식별자입니다.
F:\Github Project\ConsoleEngine\ConsoleEngine\Graphic.cpp(122,10): error C2065: 'Temp': 선언되지 않은 식별자입니다.
F:\Github Project\ConsoleEngine\ConsoleEngine\Graphic.cpp(122,38): error C2065: 'Temp': 선언되지 않은 식별자입니다.
F:\Github Project\ConsoleEngine\ConsoleEngine\Graphic.cpp(123,7): error C2065: 'Temp': 선언되지 않은 식별자입니다.
F:\Github Project\ConsoleEngine\ConsoleEngine\Graphic.cpp(123,35): error C2065: 'Temp': 선언되지 않은 식별자입니다.
F:\Github Project\ConsoleEngine\ConsoleEngine\Graphic.cpp(125,32): error C2065: 'Temp': 선언되지 않은 식별자입니다.
F:\Github Project\ConsoleEngine\ConsoleEngine\Graphic.cpp(125,59): error C2065: 'Temp': 선언되지 않은 식별자입니다.
F:\Github Project\ConsoleEngine\ConsoleEngine\Graphic.cpp(137,2): error C2065: 'Vector4': 선언되지 않은 식별자입니다.
F:\Github Project\ConsoleEngine\ConsoleEngine\Graphic.cpp(137,10): error C2146: 구문 오류: ';'이(가) 'Temp' 식별자 앞에 없습니다.
F:\Github Project\ConsoleEngine\ConsoleEngine\Graphic.cpp(137,10): error C2065: 'Temp': 선언되지 않은 식별자입니다.
F:\Github Project\ConsoleEngine\ConsoleEngine\Graphic.cpp(137,115): error C3079: 이니셜라이저 목록을 이 대입 연산자의 오른쪽 피연산자로 사용할 수 없습니다.
F:\Github Project\ConsoleEngine\ConsoleEngine\Graphic.cpp(139,2): error C2065: 'Temp': 선언되지 않은 식별자입니다.
F:\Github Project\ConsoleEngine\ConsoleEngine\Graphic.cpp(140,10): error C2065: 'Temp': 선언되지 않은 식별자입니다.
F:\Github Project\ConsoleEngine\ConsoleEngine\Graphic.cpp(140,38): error C2065: 'Temp': 선언되지 않은 식별자입니다.
F:\Github Project\ConsoleEngine\ConsoleEngine\Graphic.cpp(141,7): error C2065: 'Temp': 선언되지 않은 식별자입니다.
F:\Github Project\ConsoleEngine\ConsoleEngine\Graphic.cpp(141,35): error C2065: 'Temp': 선언되지 않은 식별자입니다.
F:\Github Project\ConsoleEngine\ConsoleEngine\Graphic.cpp(145,32): error C2065: 'Temp': 선언되지 않은 식별자입니다.
F:\Github Project\ConsoleEngine\ConsoleEngine\Graphic.cpp(145,59): error C2065: 'Temp': 선언되지 않은 식별자입니다.
F:\Github Project\ConsoleEngine\ConsoleEngine\Graphic.cpp(161,2): error C2065: 'Vector4': 선언되지 않은 식별자입니다.
F:\Github Project\ConsoleEngine\ConsoleEngine\Graphic.cpp(161,10): error C2146: 구문 오류: ';'이(가) 'Temp' 식별자 앞에 없습니다.
F:\Github Project\ConsoleEngine\ConsoleEngine\Graphic.cpp(161,10): error C2065: 'Temp': 선언되지 않은 식별자입니다.
F:\Github Project\ConsoleEngine\ConsoleEngine\Graphic.cpp(169,6): error C2039: 'vround': 'Vector4f'의 멤버가 아닙니다.
F:\Github Project\ConsoleEngine\ConsoleEngine\Vector.h(36): message : 'Vector4f' 선언을 참조하십시오.
F:\Github Project\ConsoleEngine\ConsoleEngine\Graphic.cpp(170,7): error C2039: 'vround': 'Vector4f'의 멤버가 아닙니다.
F:\Github Project\ConsoleEngine\ConsoleEngine\Vector.h(36): message : 'Vector4f' 선언을 참조하십시오.
F:\Github Project\ConsoleEngine\ConsoleEngine\Graphic.cpp(172,19): error C2039: 'GetY': 'Vector4f'의 멤버가 아닙니다.
F:\Github Project\ConsoleEngine\ConsoleEngine\Vector.h(36): message : 'Vector4f' 선언을 참조하십시오.
F:\Github Project\ConsoleEngine\ConsoleEngine\Graphic.cpp(172,24): error C2062: 예기치 않은 'int' 형식입니다.
F:\Github Project\ConsoleEngine\ConsoleEngine\Graphic.cpp(172,60): error C2065: 'id': 선언되지 않은 식별자입니다.
F:\Github Project\ConsoleEngine\ConsoleEngine\Graphic.cpp(172,67): error C2059: 구문 오류: ')'
F:\Github Project\ConsoleEngine\ConsoleEngine\Graphic.cpp(173,3): error C2059: 구문 오류: 'if'
F:\Github Project\ConsoleEngine\ConsoleEngine\Graphic.cpp(173,17): error C2143: 구문 오류: ';'이(가) '{' 앞에 없습니다.
F:\Github Project\ConsoleEngine\ConsoleEngine\Graphic.cpp(175,3): error C2065: 'Temp': 선언되지 않은 식별자입니다.
F:\Github Project\ConsoleEngine\ConsoleEngine\Graphic.cpp(177,20): error C2039: 'GetX': 'Vector4f'의 멤버가 아닙니다.
F:\Github Project\ConsoleEngine\ConsoleEngine\Vector.h(36): message : 'Vector4f' 선언을 참조하십시오.
F:\Github Project\ConsoleEngine\ConsoleEngine\Graphic.cpp(177,25): error C2062: 예기치 않은 'int' 형식입니다.
F:\Github Project\ConsoleEngine\ConsoleEngine\Graphic.cpp(177,61): error C2065: 'jd': 선언되지 않은 식별자입니다.
F:\Github Project\ConsoleEngine\ConsoleEngine\Graphic.cpp(177,68): error C2059: 구문 오류: ')'
F:\Github Project\ConsoleEngine\ConsoleEngine\Graphic.cpp(178,4): error C2059: 구문 오류: 'if'
F:\Github Project\ConsoleEngine\ConsoleEngine\Graphic.cpp(178,18): error C2143: 구문 오류: ';'이(가) '{' 앞에 없습니다.
F:\Github Project\ConsoleEngine\ConsoleEngine\Graphic.cpp(181,29): error C2065: 'Temp': 선언되지 않은 식별자입니다.
F:\Github Project\ConsoleEngine\ConsoleEngine\Graphic.cpp(195,2): error C2059: 구문 오류: '}'
F:\Github Project\ConsoleEngine\ConsoleEngine\Graphic.cpp(195,2): error C2143: 구문 오류: ';'이(가) '}' 앞에 없습니다.
F:\Github Project\ConsoleEngine\ConsoleEngine\Graphic.cpp(196,1): error C2143: 구문 오류: ';'이(가) '}' 앞에 없습니다.
F:\Github Project\ConsoleEngine\ConsoleEngine\Graphic.cpp(196,1): error C2059: 구문 오류: '}'
F:\Github Project\ConsoleEngine\ConsoleEngine\Graphic.cpp(197,66): error C2143: 구문 오류: ';'이(가) '{' 앞에 없습니다.
F:\Github Project\ConsoleEngine\ConsoleEngine\Graphic.cpp(197,66): error C2447: '{': 함수 헤더가 없습니다. 이전 스타일의 형식 목록입니까?
F:\Github Project\ConsoleEngine\ConsoleEngine\Graphic.cpp(247,6): error C2039: 'vround': 'Vector4f'의 멤버가 아닙니다.
F:\Github Project\ConsoleEngine\ConsoleEngine\Vector.h(36): message : 'Vector4f' 선언을 참조하십시오.
F:\Github Project\ConsoleEngine\ConsoleEngine\Graphic.cpp(248,7): error C2039: 'vround': 'Vector4f'의 멤버가 아닙니다.
F:\Github Project\ConsoleEngine\ConsoleEngine\Vector.h(36): message : 'Vector4f' 선언을 참조하십시오.
F:\Github Project\ConsoleEngine\ConsoleEngine\Graphic.cpp(253,2): error C2065: 'Vector4': 선언되지 않은 식별자입니다.
F:\Github Project\ConsoleEngine\ConsoleEngine\Graphic.cpp(253,10): error C2146: 구문 오류: ';'이(가) 'd' 식별자 앞에 없습니다.
F:\Github Project\ConsoleEngine\ConsoleEngine\Graphic.cpp(253,10): error C2065: 'd': 선언되지 않은 식별자입니다.
F:\Github Project\ConsoleEngine\ConsoleEngine\Graphic.cpp(253,58): error C3079: 이니셜라이저 목록을 이 대입 연산자의 오른쪽 피연산자로 사용할 수 없습니다.
F:\Github Project\ConsoleEngine\ConsoleEngine\Graphic.cpp(255,6): error C2065: 'd': 선언되지 않은 식별자입니다.
F:\Github Project\ConsoleEngine\ConsoleEngine\Graphic.cpp(257,3): error C2065: 'd': 선언되지 않은 식별자입니다.
F:\Github Project\ConsoleEngine\ConsoleEngine\Graphic.cpp(257,10): error C2065: 'd': 선언되지 않은 식별자입니다.
F:\Github Project\ConsoleEngine\ConsoleEngine\Graphic.cpp(261,6): error C2065: 'd': 선언되지 않은 식별자입니다.
F:\Github Project\ConsoleEngine\ConsoleEngine\Graphic.cpp(263,3): error C2065: 'd': 선언되지 않은 식별자입니다.
F:\Github Project\ConsoleEngine\ConsoleEngine\Graphic.cpp(263,10): error C2065: 'd': 선언되지 않은 식별자입니다.
F:\Github Project\ConsoleEngine\ConsoleEngine\Graphic.cpp(268,6): error C2065: 'd': 선언되지 않은 식별자입니다.
F:\Github Project\ConsoleEngine\ConsoleEngine\Graphic.cpp(268,13): error C2065: 'd': 선언되지 않은 식별자입니다.
F:\Github Project\ConsoleEngine\ConsoleEngine\Graphic.cpp(269,23): error C2065: 'd': 선언되지 않은 식별자입니다.
F:\Github Project\ConsoleEngine\ConsoleEngine\Graphic.cpp(272,32): error C2065: 'd': 선언되지 않은 식별자입니다.
F:\Github Project\ConsoleEngine\ConsoleEngine\Graphic.cpp(274,19): error C2065: 'd': 선언되지 않은 식별자입니다.
F:\Github Project\ConsoleEngine\ConsoleEngine\Graphic.cpp(276,33): error C2065: 'd': 선언되지 않은 식별자입니다.
F:\Github Project\ConsoleEngine\ConsoleEngine\Graphic.cpp(282,23): error C2065: 'd': 선언되지 않은 식별자입니다.
F:\Github Project\ConsoleEngine\ConsoleEngine\Graphic.cpp(285,32): error C2065: 'd': 선언되지 않은 식별자입니다.
F:\Github Project\ConsoleEngine\ConsoleEngine\Graphic.cpp(287,19): error C2065: 'd': 선언되지 않은 식별자입니다.
F:\Github Project\ConsoleEngine\ConsoleEngine\Graphic.cpp(289,33): error C2065: 'd': 선언되지 않은 식별자입니다.
F:\Github Project\ConsoleEngine\ConsoleEngine\Graphic.cpp(296,6): error C2039: 'vround': 'Vector4f'의 멤버가 아닙니다.
F:\Github Project\ConsoleEngine\ConsoleEngine\Vector.h(36): message : 'Vector4f' 선언을 참조하십시오.
F:\Github Project\ConsoleEngine\ConsoleEngine\Graphic.cpp(298,2): error C2065: 'Vector4': 선언되지 않은 식별자입니다.
F:\Github Project\ConsoleEngine\ConsoleEngine\Graphic.cpp(298,10): error C2146: 구문 오류: ';'이(가) 'tp' 식별자 앞에 없습니다.
F:\Github Project\ConsoleEngine\ConsoleEngine\Graphic.cpp(298,10): error C2065: 'tp': 선언되지 않은 식별자입니다.
F:\Github Project\ConsoleEngine\ConsoleEngine\Graphic.cpp(298,50): error C3079: 이니셜라이저 목록을 이 대입 연산자의 오른쪽 피연산자로 사용할 수 없습니다.
F:\Github Project\ConsoleEngine\ConsoleEngine\Graphic.cpp(301,6): error C2065: 'tp': 선언되지 않은 식별자입니다.
F:\Github Project\ConsoleEngine\ConsoleEngine\Graphic.cpp(301,14): error C2065: 'tp': 선언되지 않은 식별자입니다.
F:\Github Project\ConsoleEngine\ConsoleEngine\Graphic.cpp(302,19): error C2065: 'tp': 선언되지 않은 식별자입니다.
F:\Github Project\ConsoleEngine\ConsoleEngine\Graphic.cpp(305,9): error C2065: 'tp': 선언되지 않은 식별자입니다.
F:\Github Project\ConsoleEngine\ConsoleEngine\Graphic.cpp(305,17): error C2065: 'tp': 선언되지 않은 식별자입니다.
F:\Github Project\ConsoleEngine\ConsoleEngine\Graphic.cpp(306,3): error C2065: 'tp': 선언되지 않은 식별자입니다.
F:\Github Project\ConsoleEngine\ConsoleEngine\Graphic.cpp(309,4): error C2065: 'tp': 선언되지 않은 식별자입니다.
F:\Github Project\ConsoleEngine\ConsoleEngine\Graphic.cpp(310,31): error C2065: 'tp': 선언되지 않은 식별자입니다.
F:\Github Project\ConsoleEngine\ConsoleEngine\Graphic.cpp(310,38): error C2065: 'tp': 선언되지 않은 식별자입니다.
F:\Github Project\ConsoleEngine\ConsoleEngine\Graphic.cpp(312,37): error C2065: 'tp': 선언되지 않은 식별자입니다.
F:\Github Project\ConsoleEngine\ConsoleEngine\Graphic.cpp(314,19): error C2065: 'tp': 선언되지 않은 식별자입니다.
F:\Github Project\ConsoleEngine\ConsoleEngine\Graphic.cpp(318,2): error C2065: 'Vector4': 선언되지 않은 식별자입니다.
F:\Github Project\ConsoleEngine\ConsoleEngine\Graphic.cpp(318,10): error C2146: 구문 오류: ';'이(가) 'Temp' 식별자 앞에 없습니다.
F:\Github Project\ConsoleEngine\ConsoleEngine\Graphic.cpp(318,10): error C2065: 'Temp': 선언되지 않은 식별자입니다.
F:\Github Project\ConsoleEngine\ConsoleEngine\Graphic.cpp(325,6): error C2039: 'vround': 'Vector4f'의 멤버가 아닙니다.
F:\Github Project\ConsoleEngine\ConsoleEngine\Vector.h(36): message : 'Vector4f' 선언을 참조하십시오.
F:\Github Project\ConsoleEngine\ConsoleEngine\Graphic.cpp(328,3): error C2065: 'Temp': 선언되지 않은 식별자입니다.
F:\Github Project\ConsoleEngine\ConsoleEngine\Graphic.cpp(329,7): error C2065: 'Temp': 선언되지 않은 식별자입니다.
F:\Github Project\ConsoleEngine\ConsoleEngine\Graphic.cpp(330,7): error C2065: 'Temp': 선언되지 않은 식별자입니다.
F:\Github Project\ConsoleEngine\ConsoleEngine\Graphic.cpp(331,3): error C2065: 'Temp': 선언되지 않은 식별자입니다.
F:\Github Project\ConsoleEngine\ConsoleEngine\Graphic.cpp(334,4): error C2065: 'Temp': 선언되지 않은 식별자입니다.
F:\Github Project\ConsoleEngine\ConsoleEngine\Graphic.cpp(335,31): error C2065: 'Temp': 선언되지 않은 식별자입니다.
F:\Github Project\ConsoleEngine\ConsoleEngine\Graphic.cpp(337,8): error C2065: 'Temp': 선언되지 않은 식별자입니다.
F:\Github Project\ConsoleEngine\ConsoleEngine\Graphic.cpp(338,8): error C2065: 'Temp': 선언되지 않은 식별자입니다.
F:\Github Project\ConsoleEngine\ConsoleEngine\Graphic.cpp(340,62): error C2065: 'Temp': 선언되지 않은 식별자입니다.
  Matrix.cpp
  Scene.cpp
F:\Github Project\ConsoleEngine\ConsoleEngine\GameObject.h(25,10): error C3646: 'pos': 알 수 없는 재정의 지정자입니다.
F:\Github Project\ConsoleEngine\ConsoleEngine\GameObject.h(25,13): error C4430: 형식 지정자가 없습니다. int로 가정합니다. 참고: C++에서는 기본 int를 지원하지 않습니다.
F:\Github Project\ConsoleEngine\ConsoleEngine\GameObject.h(26,10): error C3646: 'scale': 알 수 없는 재정의 지정자입니다.
F:\Github Project\ConsoleEngine\ConsoleEngine\GameObject.h(26,15): error C4430: 형식 지정자가 없습니다. int로 가정합니다. 참고: C++에서는 기본 int를 지원하지 않습니다.
F:\Github Project\ConsoleEngine\ConsoleEngine\GameObject.h(27,10): error C3646: 'rotate': 알 수 없는 재정의 지정자입니다.
F:\Github Project\ConsoleEngine\ConsoleEngine\GameObject.h(27,16): error C4430: 형식 지정자가 없습니다. int로 가정합니다. 참고: C++에서는 기본 int를 지원하지 않습니다.
  Sprite.cpp
  Vector.cpp
  코드를 생성하고 있습니다...
