f:\github project\consoleengine\x64\debug\consoleengine.pdb
f:\github project\consoleengine\x64\debug\consoleengine.idb
f:\github project\consoleengine\consoleengine\x64\debug\vector.obj
f:\github project\consoleengine\consoleengine\x64\debug\engine.obj
f:\github project\consoleengine\consoleengine\x64\debug\camera2d.obj
f:\github project\consoleengine\consoleengine\x64\debug\keyboard.obj
f:\github project\consoleengine\consoleengine\x64\debug\field2d.obj
f:\github project\consoleengine\consoleengine\x64\debug\consolecolor.obj
f:\github project\consoleengine\consoleengine\x64\debug\layer.obj
f:\github project\consoleengine\consoleengine\x64\debug\time.obj
f:\github project\consoleengine\consoleengine\x64\debug\script.obj
f:\github project\consoleengine\consoleengine\x64\debug\threadpool.obj
f:\github project\consoleengine\consoleengine\x64\debug\color.obj
f:\github project\consoleengine\x64\debug\consoleengine.lib
f:\github project\consoleengine\consoleengine\x64\debug\camera.obj
f:\github project\consoleengine\consoleengine\x64\debug\main.obj
f:\github project\consoleengine\consoleengine\x64\debug\vc143.idb
f:\github project\consoleengine\consoleengine\x64\debug\vc143.pdb
f:\github project\consoleengine\consoleengine\x64\debug\consoleengine.tlog\cl.command.1.tlog
f:\github project\consoleengine\consoleengine\x64\debug\consoleengine.tlog\cl.read.1.tlog
f:\github project\consoleengine\consoleengine\x64\debug\consoleengine.tlog\cl.write.1.tlog
f:\github project\consoleengine\consoleengine\x64\debug\consoleengine.tlog\lib-link.read.1.tlog
f:\github project\consoleengine\consoleengine\x64\debug\consoleengine.tlog\lib-link.write.1.tlog
f:\github project\consoleengine\consoleengine\x64\debug\consoleengine.tlog\lib.command.1.tlog
f:\github project\consoleengine\consoleengine\x64\debug\consoleengine.tlog\link.45152-cvtres.read.1.tlog
f:\github project\consoleengine\consoleengine\x64\debug\consoleengine.tlog\link.45152-cvtres.write.1.tlog
f:\github project\consoleengine\consoleengine\x64\debug\consoleengine.tlog\link.45152-rc.read.1.tlog
f:\github project\consoleengine\consoleengine\x64\debug\consoleengine.tlog\link.45152-rc.write.1.tlog
f:\github project\consoleengine\consoleengine\x64\debug\consoleengine.tlog\link.45152.read.1.tlog
f:\github project\consoleengine\consoleengine\x64\debug\consoleengine.tlog\link.45152.read.2.tlog
f:\github project\consoleengine\consoleengine\x64\debug\consoleengine.tlog\link.45152.write.1.tlog
f:\github project\consoleengine\consoleengine\x64\debug\consoleengine.tlog\link.command.1.tlog
f:\github project\consoleengine\consoleengine\x64\debug\consoleengine.tlog\link.read.1.tlog
f:\github project\consoleengine\consoleengine\x64\debug\consoleengine.tlog\link.write.1.tlog
