f:\github project\consoleengine\release\consoleengine.pdb
f:\github project\consoleengine\consoleengine\release\vector.obj
f:\github project\consoleengine\consoleengine\release\time.obj
f:\github project\consoleengine\consoleengine\release\sprite.obj
f:\github project\consoleengine\consoleengine\release\scenemanager.obj
f:\github project\consoleengine\consoleengine\release\scene.obj
f:\github project\consoleengine\consoleengine\release\matrix.obj
f:\github project\consoleengine\consoleengine\release\math.obj
f:\github project\consoleengine\consoleengine\release\keyboard.obj
f:\github project\consoleengine\consoleengine\release\graphic.obj
f:\github project\consoleengine\consoleengine\release\gameobject.obj
f:\github project\consoleengine\consoleengine\release\consoleengine.obj
f:\github project\consoleengine\consoleengine\release\gameobjects.obj
f:\github project\consoleengine\consoleengine\release\components.obj
f:\github project\consoleengine\consoleengine\release\debug.obj
f:\github project\consoleengine\consoleengine\release\component.obj
f:\github project\consoleengine\consoleengine\release\color.obj
f:\github project\consoleengine\consoleengine\release\animation.obj
f:\github project\consoleengine\release\consoleengine.lib
f:\github project\consoleengine\consoleengine\release\consoleengine.tlog\cl.command.1.tlog
f:\github project\consoleengine\consoleengine\release\consoleengine.tlog\cl.read.1.tlog
f:\github project\consoleengine\consoleengine\release\consoleengine.tlog\cl.write.1.tlog
f:\github project\consoleengine\consoleengine\release\consoleengine.tlog\lib-link.read.1.tlog
f:\github project\consoleengine\consoleengine\release\consoleengine.tlog\lib-link.write.1.tlog
f:\github project\consoleengine\consoleengine\release\consoleengine.tlog\lib.command.1.tlog
