  Components.cpp
C:\Users\My\Documents\GitHub\ConsoleEngine\ConsoleEngine\Components.h(59,18): error C2059: 구문 오류: '}'
C:\Users\My\Documents\GitHub\ConsoleEngine\ConsoleEngine\Components.h(60,2): error C2143: 구문 오류: ';'이(가) '}' 앞에 없습니다.
C:\Users\My\Documents\GitHub\ConsoleEngine\ConsoleEngine\Components.h(60,2): error C2059: 구문 오류: '}'
C:\Users\My\Documents\GitHub\ConsoleEngine\ConsoleEngine\Components.h(59,18): error C2143: 구문 오류: ';'이(가) '}' 앞에 없습니다.
C:\Users\My\Documents\GitHub\ConsoleEngine\ConsoleEngine\Components.h(63,34): error C2059: 구문 오류: '멤버 이니셜라이저'
C:\Users\My\Documents\GitHub\ConsoleEngine\ConsoleEngine\Components.h(64,14): error C2059: 구문 오류: '멤버 이니셜라이저'
C:\Users\My\Documents\GitHub\ConsoleEngine\ConsoleEngine\Components.h(65,16): error C2059: 구문 오류: '멤버 이니셜라이저'
C:\Users\My\Documents\GitHub\ConsoleEngine\ConsoleEngine\Components.h(74,1): error C2059: 구문 오류: '<L_GRAMMAR_end_class>'
C:\Users\My\Documents\GitHub\ConsoleEngine\ConsoleEngine\Components.cpp(5,6): error C2653: 'Camera': 클래스 또는 네임스페이스 이름이 아닙니다.
C:\Users\My\Documents\GitHub\ConsoleEngine\ConsoleEngine\Components.cpp(7,2): error C2065: 'graphic': 선언되지 않은 식별자입니다.
C:\Users\My\Documents\GitHub\ConsoleEngine\ConsoleEngine\Components.cpp(8,2): error C2065: 'graphic': 선언되지 않은 식별자입니다.
C:\Users\My\Documents\GitHub\ConsoleEngine\ConsoleEngine\Components.cpp(8,22): error C2065: 'gameobject': 선언되지 않은 식별자입니다.
C:\Users\My\Documents\GitHub\ConsoleEngine\ConsoleEngine\Components.cpp(10,6): error C2653: 'Camera': 클래스 또는 네임스페이스 이름이 아닙니다.
C:\Users\My\Documents\GitHub\ConsoleEngine\ConsoleEngine\Components.cpp(11,2): error C2065: 'graphic': 선언되지 않은 식별자입니다.
C:\Users\My\Documents\GitHub\ConsoleEngine\ConsoleEngine\Components.cpp(13,6): error C2653: 'Camera': 클래스 또는 네임스페이스 이름이 아닙니다.
C:\Users\My\Documents\GitHub\ConsoleEngine\ConsoleEngine\Components.cpp(16,6): error C2653: 'Camera': 클래스 또는 네임스페이스 이름이 아닙니다.
C:\Users\My\Documents\GitHub\ConsoleEngine\ConsoleEngine\Components.cpp(17,2): error C2065: 'graphic': 선언되지 않은 식별자입니다.
C:\Users\My\Documents\GitHub\ConsoleEngine\ConsoleEngine\Components.cpp(19,6): error C2653: 'Camera': 클래스 또는 네임스페이스 이름이 아닙니다.
C:\Users\My\Documents\GitHub\ConsoleEngine\ConsoleEngine\Components.cpp(20,2): error C2065: 'graphic': 선언되지 않은 식별자입니다.
C:\Users\My\Documents\GitHub\ConsoleEngine\ConsoleEngine\Components.cpp(23,6): error C2653: 'PolygonRenderer': 클래스 또는 네임스페이스 이름이 아닙니다.
C:\Users\My\Documents\GitHub\ConsoleEngine\ConsoleEngine\Components.cpp(23,23): error C2084: 'void Components::Awake(void)' 함수에 이미 본문이 있습니다.
C:\Users\My\Documents\GitHub\ConsoleEngine\ConsoleEngine\Components.cpp(5): message : 'Awake'의 이전 정의를 참조하십시오.
C:\Users\My\Documents\GitHub\ConsoleEngine\ConsoleEngine\Components.cpp(24,2): error C2065: 'gameobject': 선언되지 않은 식별자입니다.
C:\Users\My\Documents\GitHub\ConsoleEngine\ConsoleEngine\Components.cpp(24,30): error C2065: 'SpriteRenderer': 선언되지 않은 식별자입니다.
C:\Users\My\Documents\GitHub\ConsoleEngine\ConsoleEngine\Components.cpp(24,46): error C2059: 구문 오류: ')'
C:\Users\My\Documents\GitHub\ConsoleEngine\ConsoleEngine\Components.cpp(26,2): error C2065: 'vertexCount': 선언되지 않은 식별자입니다.
C:\Users\My\Documents\GitHub\ConsoleEngine\ConsoleEngine\Components.cpp(27,2): error C2065: 'color': 선언되지 않은 식별자입니다.
C:\Users\My\Documents\GitHub\ConsoleEngine\ConsoleEngine\Components.cpp(28,2): error C2065: 'isVisible': 선언되지 않은 식별자입니다.
C:\Users\My\Documents\GitHub\ConsoleEngine\ConsoleEngine\Components.cpp(30,2): error C2065: 'start': 선언되지 않은 식별자입니다.
C:\Users\My\Documents\GitHub\ConsoleEngine\ConsoleEngine\Components.cpp(31,6): error C2659: '=': 함수를 왼쪽 피연산자로 사용했습니다.
C:\Users\My\Documents\GitHub\ConsoleEngine\ConsoleEngine\Components.cpp(32,2): error C2065: 'beforePos': 선언되지 않은 식별자입니다.
C:\Users\My\Documents\GitHub\ConsoleEngine\ConsoleEngine\Components.cpp(34,6): error C2653: 'PolygonRenderer': 클래스 또는 네임스페이스 이름이 아닙니다.
C:\Users\My\Documents\GitHub\ConsoleEngine\ConsoleEngine\Components.cpp(34,23): error C2084: 'void Components::Update(void)' 함수에 이미 본문이 있습니다.
C:\Users\My\Documents\GitHub\ConsoleEngine\ConsoleEngine\Components.cpp(10): message : 'Update'의 이전 정의를 참조하십시오.
C:\Users\My\Documents\GitHub\ConsoleEngine\ConsoleEngine\Components.cpp(36,7): error C2065: 'isVisible': 선언되지 않은 식별자입니다.
C:\Users\My\Documents\GitHub\ConsoleEngine\ConsoleEngine\Components.cpp(36,20): error C2065: 'vertexs': 선언되지 않은 식별자입니다.
C:\Users\My\Documents\GitHub\ConsoleEngine\ConsoleEngine\Components.cpp(37,10): error C2065: 'beforePos': 선언되지 않은 식별자입니다.
C:\Users\My\Documents\GitHub\ConsoleEngine\ConsoleEngine\Components.cpp(37,23): error C2065: 'vertexs': 선언되지 않은 식별자입니다.
C:\Users\My\Documents\GitHub\ConsoleEngine\ConsoleEngine\Components.cpp(39,20): error C2065: 'gameobject': 선언되지 않은 식별자입니다.
C:\Users\My\Documents\GitHub\ConsoleEngine\ConsoleEngine\Components.cpp(60,3): error C2065: 'gameobject': 선언되지 않은 식별자입니다.
C:\Users\My\Documents\GitHub\ConsoleEngine\ConsoleEngine\Components.cpp(61,6): error C2065: 'gameobject': 선언되지 않은 식별자입니다.
C:\Users\My\Documents\GitHub\ConsoleEngine\ConsoleEngine\Components.cpp(62,9): error C2065: 'gameobject': 선언되지 않은 식별자입니다.
C:\Users\My\Documents\GitHub\ConsoleEngine\ConsoleEngine\Components.cpp(59,30): error C2440: '<function-style-cast>': 'initializer list'에서 'Matrix4x4f'(으)로 변환할 수 없습니다.
C:\Users\My\Documents\GitHub\ConsoleEngine\ConsoleEngine\Components.cpp(64,2): message : 소스 형식을 가져올 수 있는 생성자가 없거나 생성자 오버로드 확인이 모호합니다.
C:\Users\My\Documents\GitHub\ConsoleEngine\ConsoleEngine\Components.cpp(66,20): error C2065: 'vertexs': 선언되지 않은 식별자입니다.
C:\Users\My\Documents\GitHub\ConsoleEngine\ConsoleEngine\Components.cpp(66,2): error C2530: 'item': 참조를 초기화해야 합니다.
C:\Users\My\Documents\GitHub\ConsoleEngine\ConsoleEngine\Components.cpp(66,2): error C3531: 'item': 형식에 'auto'이(가) 포함된 기호에는 이니셜라이저가 있어야 합니다.
C:\Users\My\Documents\GitHub\ConsoleEngine\ConsoleEngine\Components.cpp(66,18): error C2143: 구문 오류: ';'이(가) ':' 앞에 없습니다.
C:\Users\My\Documents\GitHub\ConsoleEngine\ConsoleEngine\Components.cpp(66,27): error C2143: 구문 오류: ';'이(가) ')' 앞에 없습니다.
C:\Users\My\Documents\GitHub\ConsoleEngine\ConsoleEngine\Components.cpp(67,24): error C2065: 'beforePos': 선언되지 않은 식별자입니다.
C:\Users\My\Documents\GitHub\ConsoleEngine\ConsoleEngine\Components.cpp(68,5): error C2065: 'start': 선언되지 않은 식별자입니다.
C:\Users\My\Documents\GitHub\ConsoleEngine\ConsoleEngine\Components.cpp(68,39): error C2065: 'gameobject': 선언되지 않은 식별자입니다.
C:\Users\My\Documents\GitHub\ConsoleEngine\ConsoleEngine\Components.cpp(69,4): error C2244: 'std::end': 함수 정의를 기존 선언과 일치시킬 수 없습니다.
C:\Users\My\Documents\GitHub\ConsoleEngine\ConsoleEngine\Components.cpp(69,16): error C2065: 'beforePos': 선언되지 않은 식별자입니다.
C:\Users\My\Documents\GitHub\ConsoleEngine\ConsoleEngine\Components.cpp(69,39): error C2065: 'gameobject': 선언되지 않은 식별자입니다.
C:\Users\My\Documents\GitHub\ConsoleEngine\ConsoleEngine\Components.cpp(71,4): error C2065: 'graphic': 선언되지 않은 식별자입니다.
C:\Users\My\Documents\GitHub\ConsoleEngine\ConsoleEngine\Components.cpp(71,18): error C2065: 'start': 선언되지 않은 식별자입니다.
C:\Users\My\Documents\GitHub\ConsoleEngine\ConsoleEngine\Components.cpp(71,25): error C2244: 'std::end': 함수 정의를 기존 선언과 일치시킬 수 없습니다.
C:\Users\My\Documents\GitHub\ConsoleEngine\ConsoleEngine\Components.cpp(71,31): error C2065: 'color': 선언되지 않은 식별자입니다.
C:\Users\My\Documents\GitHub\ConsoleEngine\ConsoleEngine\Components.cpp(73,5): error C2065: 'beforePos': 선언되지 않은 식별자입니다.
C:\Users\My\Documents\GitHub\ConsoleEngine\ConsoleEngine\Components.cpp(76,3): error C2065: 'start': 선언되지 않은 식별자입니다.
C:\Users\My\Documents\GitHub\ConsoleEngine\ConsoleEngine\Components.cpp(76,13): error C2065: 'vertexs': 선언되지 않은 식별자입니다.
C:\Users\My\Documents\GitHub\ConsoleEngine\ConsoleEngine\Components.cpp(76,48): error C2065: 'gameobject': 선언되지 않은 식별자입니다.
C:\Users\My\Documents\GitHub\ConsoleEngine\ConsoleEngine\Components.cpp(77,2): error C2244: 'std::end': 함수 정의를 기존 선언과 일치시킬 수 없습니다.
C:\Users\My\Documents\GitHub\ConsoleEngine\ConsoleEngine\Components.cpp(77,13): error C2065: 'vertexs': 선언되지 않은 식별자입니다.
C:\Users\My\Documents\GitHub\ConsoleEngine\ConsoleEngine\Components.cpp(77,48): error C2065: 'gameobject': 선언되지 않은 식별자입니다.
C:\Users\My\Documents\GitHub\ConsoleEngine\ConsoleEngine\Components.cpp(79,2): error C2065: 'graphic': 선언되지 않은 식별자입니다.
C:\Users\My\Documents\GitHub\ConsoleEngine\ConsoleEngine\Components.cpp(79,16): error C2065: 'start': 선언되지 않은 식별자입니다.
C:\Users\My\Documents\GitHub\ConsoleEngine\ConsoleEngine\Components.cpp(79,23): error C2244: 'std::end': 함수 정의를 기존 선언과 일치시킬 수 없습니다.
C:\Users\My\Documents\GitHub\ConsoleEngine\ConsoleEngine\Components.cpp(79,29): error C2065: 'color': 선언되지 않은 식별자입니다.
C:\Users\My\Documents\GitHub\ConsoleEngine\ConsoleEngine\Components.cpp(81,6): error C2653: 'PolygonRenderer': 클래스 또는 네임스페이스 이름이 아닙니다.
C:\Users\My\Documents\GitHub\ConsoleEngine\ConsoleEngine\Components.cpp(81,23): error C2084: 'void Components::Remove(void)' 함수에 이미 본문이 있습니다.
C:\Users\My\Documents\GitHub\ConsoleEngine\ConsoleEngine\Components.cpp(13): message : 'Remove'의 이전 정의를 참조하십시오.
C:\Users\My\Documents\GitHub\ConsoleEngine\ConsoleEngine\Components.cpp(82,6): error C2065: 'start': 선언되지 않은 식별자입니다.
C:\Users\My\Documents\GitHub\ConsoleEngine\ConsoleEngine\Components.cpp(82,22): error C2065: 'start': 선언되지 않은 식별자입니다.
C:\Users\My\Documents\GitHub\ConsoleEngine\ConsoleEngine\Components.cpp(82,27): error C2541: 'delete': 포인터가 아닌 개체를 삭제할 수 없습니다.
C:\Users\My\Documents\GitHub\ConsoleEngine\ConsoleEngine\Components.cpp(82,29): error C2065: 'start': 선언되지 않은 식별자입니다.
C:\Users\My\Documents\GitHub\ConsoleEngine\ConsoleEngine\Components.cpp(83,6): warning C4551: 함수 호출에 인수 목록이 없습니다.
C:\Users\My\Documents\GitHub\ConsoleEngine\ConsoleEngine\Components.cpp(83,9): error C2451: 'overloaded-function' 형식의 조건식은 유효하지 않습니다.
C:\Users\My\Documents\GitHub\ConsoleEngine\ConsoleEngine\Components.cpp(83,6): message : 컨텍스트는 오버로드 함수의 명확성을 고려할 수 없습니다.
C:\Users\My\Documents\GitHub\ConsoleEngine\ConsoleEngine\Components.cpp(83,23): error C2541: 'delete': 포인터가 아닌 개체를 삭제할 수 없습니다.
C:\Users\My\Documents\GitHub\ConsoleEngine\ConsoleEngine\Components.cpp(83,29): error C2659: '=': 함수를 왼쪽 피연산자로 사용했습니다.
C:\Users\My\Documents\GitHub\ConsoleEngine\ConsoleEngine\Components.cpp(84,6): error C2065: 'beforePos': 선언되지 않은 식별자입니다.
C:\Users\My\Documents\GitHub\ConsoleEngine\ConsoleEngine\Components.cpp(84,26): error C2065: 'beforePos': 선언되지 않은 식별자입니다.
C:\Users\My\Documents\GitHub\ConsoleEngine\ConsoleEngine\Components.cpp(84,35): error C2541: 'delete': 포인터가 아닌 개체를 삭제할 수 없습니다.
C:\Users\My\Documents\GitHub\ConsoleEngine\ConsoleEngine\Components.cpp(84,37): error C2065: 'beforePos': 선언되지 않은 식별자입니다.
C:\Users\My\Documents\GitHub\ConsoleEngine\ConsoleEngine\Components.cpp(86,20): error C2065: 'vertexs': 선언되지 않은 식별자입니다.
C:\Users\My\Documents\GitHub\ConsoleEngine\ConsoleEngine\Components.cpp(86,2): error C2530: 'item': 참조를 초기화해야 합니다.
C:\Users\My\Documents\GitHub\ConsoleEngine\ConsoleEngine\Components.cpp(86,2): error C3531: 'item': 형식에 'auto'이(가) 포함된 기호에는 이니셜라이저가 있어야 합니다.
C:\Users\My\Documents\GitHub\ConsoleEngine\ConsoleEngine\Components.cpp(86,18): error C2143: 구문 오류: ';'이(가) ':' 앞에 없습니다.
C:\Users\My\Documents\GitHub\ConsoleEngine\ConsoleEngine\Components.cpp(86,27): error C2143: 구문 오류: ';'이(가) ')' 앞에 없습니다.
C:\Users\My\Documents\GitHub\ConsoleEngine\ConsoleEngine\Components.cpp(89,2): error C2065: 'vertexs': 선언되지 않은 식별자입니다.
C:\Users\My\Documents\GitHub\ConsoleEngine\ConsoleEngine\Components.cpp(91,11): error C2653: 'PolygonRenderer': 클래스 또는 네임스페이스 이름이 아닙니다.
C:\Users\My\Documents\GitHub\ConsoleEngine\ConsoleEngine\Components.cpp(93,2): error C2065: 'vertexs': 선언되지 않은 식별자입니다.
C:\Users\My\Documents\GitHub\ConsoleEngine\ConsoleEngine\Components.cpp(93,24): error C2065: 'vertexCount': 선언되지 않은 식별자입니다.
C:\Users\My\Documents\GitHub\ConsoleEngine\ConsoleEngine\Components.cpp(95,19): error C2065: 'vertexCount': 선언되지 않은 식별자입니다.
C:\Users\My\Documents\GitHub\ConsoleEngine\ConsoleEngine\Components.cpp(95,9): error C3861: 'GetVertex': 식별자를 찾을 수 없습니다.
C:\Users\My\Documents\GitHub\ConsoleEngine\ConsoleEngine\Components.cpp(97,11): error C2653: 'PolygonRenderer': 클래스 또는 네임스페이스 이름이 아닙니다.
C:\Users\My\Documents\GitHub\ConsoleEngine\ConsoleEngine\Components.cpp(98,20): error C2065: 'vertexs': 선언되지 않은 식별자입니다.
C:\Users\My\Documents\GitHub\ConsoleEngine\ConsoleEngine\Components.cpp(98,2): error C2530: 'item': 참조를 초기화해야 합니다.
C:\Users\My\Documents\GitHub\ConsoleEngine\ConsoleEngine\Components.cpp(98,2): error C3531: 'item': 형식에 'auto'이(가) 포함된 기호에는 이니셜라이저가 있어야 합니다.
C:\Users\My\Documents\GitHub\ConsoleEngine\ConsoleEngine\Components.cpp(98,18): error C2143: 구문 오류: ';'이(가) ':' 앞에 없습니다.
C:\Users\My\Documents\GitHub\ConsoleEngine\ConsoleEngine\Components.cpp(98,27): error C2143: 구문 오류: ';'이(가) ')' 앞에 없습니다.
C:\Users\My\Documents\GitHub\ConsoleEngine\ConsoleEngine\Components.cpp(103,6): error C2653: 'PolygonRenderer': 클래스 또는 네임스페이스 이름이 아닙니다.
C:\Users\My\Documents\GitHub\ConsoleEngine\ConsoleEngine\Components.cpp(104,30): error C2065: 'vertexCount': 선언되지 않은 식별자입니다.
C:\Users\My\Documents\GitHub\ConsoleEngine\ConsoleEngine\Components.cpp(104,20): error C3861: 'GetVertex': 식별자를 찾을 수 없습니다.
C:\Users\My\Documents\GitHub\ConsoleEngine\ConsoleEngine\Components.cpp(106,2): error C2065: 'vertexs': 선언되지 않은 식별자입니다.
C:\Users\My\Documents\GitHub\ConsoleEngine\ConsoleEngine\Components.cpp(106,9): fatal  error C1003: 오류 수가 100개를 초과했습니다. 컴파일을 중지합니다.
  ConsoleEngine.cpp
C:\Users\My\Documents\GitHub\ConsoleEngine\ConsoleEngine\Components.h(59,18): error C2059: 구문 오류: '}'
C:\Users\My\Documents\GitHub\ConsoleEngine\ConsoleEngine\Components.h(60,2): error C2143: 구문 오류: ';'이(가) '}' 앞에 없습니다.
C:\Users\My\Documents\GitHub\ConsoleEngine\ConsoleEngine\Components.h(60,2): error C2059: 구문 오류: '}'
C:\Users\My\Documents\GitHub\ConsoleEngine\ConsoleEngine\Components.h(59,18): error C2143: 구문 오류: ';'이(가) '}' 앞에 없습니다.
C:\Users\My\Documents\GitHub\ConsoleEngine\ConsoleEngine\Components.h(63,34): error C2059: 구문 오류: '멤버 이니셜라이저'
C:\Users\My\Documents\GitHub\ConsoleEngine\ConsoleEngine\Components.h(64,14): error C2059: 구문 오류: '멤버 이니셜라이저'
C:\Users\My\Documents\GitHub\ConsoleEngine\ConsoleEngine\Components.h(65,16): error C2059: 구문 오류: '멤버 이니셜라이저'
C:\Users\My\Documents\GitHub\ConsoleEngine\ConsoleEngine\Components.h(74,1): error C2059: 구문 오류: '<L_GRAMMAR_end_class>'
C:\Users\My\Documents\GitHub\ConsoleEngine\ConsoleEngine\GameObjects.h(8,23): error C2143: 구문 오류: ';'이(가) '{' 앞에 없습니다.
C:\Users\My\Documents\GitHub\ConsoleEngine\ConsoleEngine\GameObjects.h(8,23): error C2447: '{': 함수 헤더가 없습니다. 이전 스타일의 형식 목록입니까?
C:\Users\My\Documents\GitHub\ConsoleEngine\ConsoleEngine\ConsoleEngine.h(47,92): error C2039: 'Run': 'ConsoleEngine'의 멤버가 아닙니다.
C:\Users\My\Documents\GitHub\ConsoleEngine\ConsoleEngine\Debug.h(9): message : 'ConsoleEngine' 선언을 참조하십시오.
C:\Users\My\Documents\GitHub\ConsoleEngine\ConsoleEngine\ConsoleEngine.h(50,2): error C3861: 'm_FPS': 식별자를 찾을 수 없습니다.
C:\Users\My\Documents\GitHub\ConsoleEngine\ConsoleEngine\ConsoleEngine.h(52,2): error C3861: 'isDone': 식별자를 찾을 수 없습니다.
C:\Users\My\Documents\GitHub\ConsoleEngine\ConsoleEngine\ConsoleEngine.h(65,10): error C2065: 'isDone': 선언되지 않은 식별자입니다.
C:\Users\My\Documents\GitHub\ConsoleEngine\ConsoleEngine\ConsoleEngine.h(65,10): error C3861: 'isDone': 식별자를 찾을 수 없습니다.
C:\Users\My\Documents\GitHub\ConsoleEngine\ConsoleEngine\ConsoleEngine.h(69,64): error C3861: 'isDone': 식별자를 찾을 수 없습니다.
C:\Users\My\Documents\GitHub\ConsoleEngine\ConsoleEngine\ConsoleEngine.h(76,26): error C2677: 이항 '+': 'std::string' 형식을 사용하는 전역 연산자가 없거나 허용되는 변환이 없습니다.
C:\Program Files\Microsoft Visual Studio\2022\Community\VC\Tools\MSVC\14.33.31629\include\deque(523,38): message : 'std::_Deque_iterator<_Mydeque> std::operator +(_Deque_iterator<_Mydeque>::difference_type,std::_Deque_iterator<_Mydeque>) noexcept'일 수 있습니다.
C:\Users\My\Documents\GitHub\ConsoleEngine\ConsoleEngine\ConsoleEngine.h(76,15): error C2784: 'std::_Deque_iterator<_Mydeque> std::operator +(_Deque_iterator<_Mydeque>::difference_type,std::_Deque_iterator<_Mydeque>) noexcept': 'std::string'에서 'std::_Deque_iterator<_Mydeque>'에 대한 템플릿 인수를 추론할 수 없습니다.
C:\Program Files\Microsoft Visual Studio\2022\Community\VC\Tools\MSVC\14.33.31629\include\deque(523): message : 'std::operator +' 선언을 참조하십시오.
C:\Users\My\Documents\GitHub\ConsoleEngine\ConsoleEngine\ConsoleEngine.h(76,15): error C2784: 'std::_Deque_const_iterator<_Mydeque> std::operator +(_Deque_const_iterator<_Mydeque>::difference_type,std::_Deque_const_iterator<_Mydeque>) noexcept': 'std::string'에서 'std::_Deque_const_iterator<_Mydeque>'에 대한 템플릿 인수를 추론할 수 없습니다.
C:\Users\My\Documents\GitHub\ConsoleEngine\ConsoleEngine\ConsoleEngine.h(76,15): error C2784: 'std::_Deque_unchecked_iterator<_Mydeque> std::operator +(_Deque_unchecked_iterator<_Mydeque>::difference_type,std::_Deque_unchecked_iterator<_Mydeque>) noexcept': 'std::string'에서 'std::_Deque_unchecked_iterator<_Mydeque>'에 대한 템플릿 인수를 추론할 수 없습니다.
C:\Users\My\Documents\GitHub\ConsoleEngine\ConsoleEngine\ConsoleEngine.h(76,15): error C2784: 'std::_Deque_unchecked_const_iterator<_Mydeque> std::operator +(_Deque_unchecked_const_iterator<_Mydeque>::difference_type,std::_Deque_unchecked_const_iterator<_Mydeque>) noexcept': 'std::string'에서 'std::_Deque_unchecked_const_iterator<_Mydeque>'에 대한 템플릿 인수를 추론할 수 없습니다.
C:\Users\My\Documents\GitHub\ConsoleEngine\ConsoleEngine\ConsoleEngine.h(76,15): error C2784: 'std::_Vb_iterator<_Alvbase_wrapped> std::operator +(_Vb_iterator<_Alvbase_wrapped>::difference_type,std::_Vb_iterator<_Alvbase_wrapped>) noexcept': 'std::string'에서 'std::_Vb_iterator<_Alvbase_wrapped>'에 대한 템플릿 인수를 추론할 수 없습니다.
C:\Users\My\Documents\GitHub\ConsoleEngine\ConsoleEngine\ConsoleEngine.h(76,15): error C2784: 'std::_Vb_const_iterator<_Alvbase_wrapped> std::operator +(_Vb_const_iterator<_Alvbase_wrapped>::difference_type,std::_Vb_const_iterator<_Alvbase_wrapped>) noexcept': 'std::string'에서 'std::_Vb_const_iterator<_Alvbase_wrapped>'에 대한 템플릿 인수를 추론할 수 없습니다.
C:\Users\My\Documents\GitHub\ConsoleEngine\ConsoleEngine\ConsoleEngine.h(76,15): error C2784: 'std::_Vector_iterator<_Myvec> std::operator +(_Vector_iterator<_Myvec>::difference_type,std::_Vector_iterator<_Myvec>) noexcept': 'std::string'에서 'std::_Vector_iterator<_Myvec>'에 대한 템플릿 인수를 추론할 수 없습니다.
C:\Users\My\Documents\GitHub\ConsoleEngine\ConsoleEngine\ConsoleEngine.h(76,15): error C2784: 'std::_Vector_const_iterator<_Myvec> std::operator +(_Vector_const_iterator<_Myvec>::difference_type,std::_Vector_const_iterator<_Myvec>) noexcept': 'std::string'에서 'std::_Vector_const_iterator<_Myvec>'에 대한 템플릿 인수를 추론할 수 없습니다.
C:\Users\My\Documents\GitHub\ConsoleEngine\ConsoleEngine\ConsoleEngine.h(76,15): error C2784: 'std::basic_string<_Elem,_Traits,_Alloc> std::operator +(std::basic_string<_Elem,_Traits,_Alloc> &&,const _Elem)': 'const char [9]'에서 'std::basic_string<_Elem,_Traits,_Alloc> &&'에 대한 템플릿 인수를 추론할 수 없습니다.
C:\Users\My\Documents\GitHub\ConsoleEngine\ConsoleEngine\ConsoleEngine.h(76,15): error C2784: 'std::basic_string<_Elem,_Traits,_Alloc> std::operator +(std::basic_string<_Elem,_Traits,_Alloc> &&,const _Elem *const )': 'const char [9]'에서 'std::basic_string<_Elem,_Traits,_Alloc> &&'에 대한 템플릿 인수를 추론할 수 없습니다.
C:\Users\My\Documents\GitHub\ConsoleEngine\ConsoleEngine\ConsoleEngine.h(76,15): error C2782: 'std::basic_string<_Elem,_Traits,_Alloc> std::operator +(const _Elem,std::basic_string<_Elem,_Traits,_Alloc> &&)': 템플릿 매개 변수 '_Elem'이(가) 모호합니다.
C:\Users\My\Documents\GitHub\ConsoleEngine\ConsoleEngine\ConsoleEngine.h(76,15): error C2784: 'std::basic_string<_Elem,_Traits,_Alloc> std::operator +(const _Elem,std::basic_string<_Elem,_Traits,_Alloc> &&)': 'std::string'에서 'std::basic_string<_Elem,_Traits,_Alloc> &&'에 대한 템플릿 인수를 추론할 수 없습니다.
C:\Users\My\Documents\GitHub\ConsoleEngine\ConsoleEngine\ConsoleEngine.h(76,15): error C2893: 함수 템플릿 'std::basic_string<_Elem,_Traits,_Alloc> std::operator +(const _Elem *const ,std::basic_string<_Elem,_Traits,_Alloc> &&)'을(를) 특수화하지 못했습니다.
C:\Users\My\Documents\GitHub\ConsoleEngine\ConsoleEngine\ConsoleEngine.h(76,15): error C2784: 'std::basic_string<_Elem,_Traits,_Alloc> std::operator +(std::basic_string<_Elem,_Traits,_Alloc> &&,std::basic_string<_Elem,_Traits,_Alloc> &&)': 'const char [9]'에서 'std::basic_string<_Elem,_Traits,_Alloc> &&'에 대한 템플릿 인수를 추론할 수 없습니다.
C:\Users\My\Documents\GitHub\ConsoleEngine\ConsoleEngine\ConsoleEngine.h(76,15): error C2784: 'std::basic_string<_Elem,_Traits,_Alloc> std::operator +(std::basic_string<_Elem,_Traits,_Alloc> &&,const std::basic_string<_Elem,_Traits,_Alloc> &)': 'const char [9]'에서 'std::basic_string<_Elem,_Traits,_Alloc> &&'에 대한 템플릿 인수를 추론할 수 없습니다.
C:\Users\My\Documents\GitHub\ConsoleEngine\ConsoleEngine\ConsoleEngine.h(76,15): error C2784: 'std::basic_string<_Elem,_Traits,_Alloc> std::operator +(const std::basic_string<_Elem,_Traits,_Alloc> &,std::basic_string<_Elem,_Traits,_Alloc> &&)': 'const char [9]'에서 'const std::basic_string<_Elem,_Traits,_Alloc> &'에 대한 템플릿 인수를 추론할 수 없습니다.
C:\Users\My\Documents\GitHub\ConsoleEngine\ConsoleEngine\ConsoleEngine.h(76,15): error C2784: 'std::basic_string<_Elem,_Traits,_Alloc> std::operator +(const std::basic_string<_Elem,_Traits,_Alloc> &,const _Elem)': 'const char [9]'에서 'const std::basic_string<_Elem,_Traits,_Alloc> &'에 대한 템플릿 인수를 추론할 수 없습니다.
C:\Users\My\Documents\GitHub\ConsoleEngine\ConsoleEngine\ConsoleEngine.h(76,15): error C2784: 'std::basic_string<_Elem,_Traits,_Alloc> std::operator +(const std::basic_string<_Elem,_Traits,_Alloc> &,const _Elem *const )': 'const char [9]'에서 'const std::basic_string<_Elem,_Traits,_Alloc> &'에 대한 템플릿 인수를 추론할 수 없습니다.
C:\Users\My\Documents\GitHub\ConsoleEngine\ConsoleEngine\ConsoleEngine.h(76,15): error C2782: 'std::basic_string<_Elem,_Traits,_Alloc> std::operator +(const _Elem,const std::basic_string<_Elem,_Traits,_Alloc> &)': 템플릿 매개 변수 '_Elem'이(가) 모호합니다.
C:\Users\My\Documents\GitHub\ConsoleEngine\ConsoleEngine\ConsoleEngine.h(76,15): error C2784: 'std::basic_string<_Elem,_Traits,_Alloc> std::operator +(const _Elem,const std::basic_string<_Elem,_Traits,_Alloc> &)': 'std::string'에서 'const std::basic_string<_Elem,_Traits,_Alloc> &'에 대한 템플릿 인수를 추론할 수 없습니다.
C:\Users\My\Documents\GitHub\ConsoleEngine\ConsoleEngine\ConsoleEngine.h(76,15): error C2893: 함수 템플릿 'std::basic_string<_Elem,_Traits,_Alloc> std::operator +(const _Elem *const ,const std::basic_string<_Elem,_Traits,_Alloc> &)'을(를) 특수화하지 못했습니다.
C:\Users\My\Documents\GitHub\ConsoleEngine\ConsoleEngine\ConsoleEngine.h(76,15): error C2784: 'std::basic_string<_Elem,_Traits,_Alloc> std::operator +(const std::basic_string<_Elem,_Traits,_Alloc> &,const std::basic_string<_Elem,_Traits,_Alloc> &)': 'const char [9]'에서 'const std::basic_string<_Elem,_Traits,_Alloc> &'에 대한 템플릿 인수를 추론할 수 없습니다.
C:\Users\My\Documents\GitHub\ConsoleEngine\ConsoleEngine\ConsoleEngine.h(76,15): error C2784: 'std::_String_iterator<_Mystr> std::operator +(_String_iterator<_Mystr>::difference_type,std::_String_iterator<_Mystr>) noexcept': 'std::string'에서 'std::_String_iterator<_Mystr>'에 대한 템플릿 인수를 추론할 수 없습니다.
C:\Users\My\Documents\GitHub\ConsoleEngine\ConsoleEngine\ConsoleEngine.h(76,15): error C2784: 'std::_String_const_iterator<_Mystr> std::operator +(_String_const_iterator<_Mystr>::difference_type,std::_String_const_iterator<_Mystr>) noexcept': 'std::string'에서 'std::_String_const_iterator<_Mystr>'에 대한 템플릿 인수를 추론할 수 없습니다.
C:\Users\My\Documents\GitHub\ConsoleEngine\ConsoleEngine\ConsoleEngine.h(76,15): error C2784: 'std::move_iterator<_Iter> std::operator +(move_iterator<_Iter>::difference_type,const std::move_iterator<_Iter> &)': 'std::string'에서 'const std::move_iterator<_Iter> &'에 대한 템플릿 인수를 추론할 수 없습니다.
C:\Users\My\Documents\GitHub\ConsoleEngine\ConsoleEngine\ConsoleEngine.h(76,15): error C2784: 'std::reverse_iterator<_BidIt> std::operator +(reverse_iterator<_BidIt>::difference_type,const std::reverse_iterator<_BidIt> &)': 'std::string'에서 'const std::reverse_iterator<_BidIt> &'에 대한 템플릿 인수를 추론할 수 없습니다.
C:\Users\My\Documents\GitHub\ConsoleEngine\ConsoleEngine\ConsoleEngine.h(76,15): error C2784: 'std::chrono::time_point<_Clock,common_type<std::chrono::duration<_Rep,_Period>,_Duration>::type> std::chrono::operator +(const std::chrono::duration<_Rep,_Period> &,const std::chrono::time_point<_Clock,_Duration> &) noexcept(<expr>)': 'const char [9]'에서 'const std::chrono::duration<_Rep,_Period> &'에 대한 템플릿 인수를 추론할 수 없습니다.
C:\Users\My\Documents\GitHub\ConsoleEngine\ConsoleEngine\ConsoleEngine.h(76,15): error C2784: 'std::chrono::time_point<_Clock,common_type<_Duration,std::chrono::duration<_Rep2,_Period2>>::type> std::chrono::operator +(const std::chrono::time_point<_Clock,_Duration> &,const std::chrono::duration<_Rep2,_Period2> &) noexcept(<expr>)': 'const char [9]'에서 'const std::chrono::time_point<_Clock,_Duration> &'에 대한 템플릿 인수를 추론할 수 없습니다.
C:\Users\My\Documents\GitHub\ConsoleEngine\ConsoleEngine\ConsoleEngine.h(76,15): error C2784: 'common_type<std::chrono::duration<_Rep,_Period>,std::chrono::duration<_Rep2,_Period2>>::type std::chrono::operator +(const std::chrono::duration<_Rep,_Period> &,const std::chrono::duration<_Rep2,_Period2> &) noexcept(<expr>)': 'const char [9]'에서 'const std::chrono::duration<_Rep,_Period> &'에 대한 템플릿 인수를 추론할 수 없습니다.
C:\Users\My\Documents\GitHub\ConsoleEngine\ConsoleEngine\ConsoleEngine.h(83,61): error C2676: 이항 '-': 'std::chrono::system_clock::time_point'이(가) 이 연산자를 정의하지 않거나 미리 정의된 연산자에 허용되는 형식으로의 변환을 정의하지 않습니다.
C:\Program Files\Microsoft Visual Studio\2022\Community\VC\Tools\MSVC\14.33.31629\include\xutility(3963,30): message : 'unknown-type std::operator -(const std::move_iterator<_Iter> &,const std::move_iterator<_Iter2> &)'일 수 있습니다.
C:\Users\My\Documents\GitHub\ConsoleEngine\ConsoleEngine\ConsoleEngine.h(83,58): error C2784: 'unknown-type std::operator -(const std::move_iterator<_Iter> &,const std::move_iterator<_Iter2> &)': 'std::chrono::system_clock::time_point'에서 'const std::move_iterator<_Iter> &'에 대한 템플릿 인수를 추론할 수 없습니다.
C:\Program Files\Microsoft Visual Studio\2022\Community\VC\Tools\MSVC\14.33.31629\include\xutility(3963): message : 'std::operator -' 선언을 참조하십시오.
C:\Users\My\Documents\GitHub\ConsoleEngine\ConsoleEngine\ConsoleEngine.h(83,58): error C2784: 'unknown-type std::operator -(const std::reverse_iterator<_BidIt> &,const std::reverse_iterator<_BidIt2> &)': 'std::chrono::system_clock::time_point'에서 'const std::reverse_iterator<_BidIt> &'에 대한 템플릿 인수를 추론할 수 없습니다.
C:\Users\My\Documents\GitHub\ConsoleEngine\ConsoleEngine\ConsoleEngine.h(83,58): error C2893: 함수 템플릿 'common_type<_Duration1,_Duration2>::type std::chrono::operator -(const std::chrono::time_point<_Clock,_Duration> &,const std::chrono::time_point<_Clock,_Duration2> &) noexcept(<expr>)'을(를) 특수화하지 못했습니다.
C:\Users\My\Documents\GitHub\ConsoleEngine\ConsoleEngine\ConsoleEngine.h(83,58): error C2784: 'std::chrono::time_point<_Clock,common_type<_Duration,std::chrono::duration<_Rep2,_Period2>>::type> std::chrono::operator -(const std::chrono::time_point<_Clock,_Duration> &,const std::chrono::duration<_Rep2,_Period2> &) noexcept(<expr>)': 'std::chrono::time_point<std::chrono::system_clock,std::chrono::duration<std::chrono::system_clock::rep,std::chrono::system_clock::period>>'에서 'const std::chrono::duration<_Rep2,_Period2> &'에 대한 템플릿 인수를 추론할 수 없습니다.
C:\Users\My\Documents\GitHub\ConsoleEngine\ConsoleEngine\ConsoleEngine.h(83,58): error C2784: 'common_type<std::chrono::duration<_Rep,_Period>,std::chrono::duration<_Rep2,_Period2>>::type std::chrono::operator -(const std::chrono::duration<_Rep,_Period> &,const std::chrono::duration<_Rep2,_Period2> &) noexcept(<expr>)': 'std::chrono::system_clock::time_point'에서 'const std::chrono::duration<_Rep,_Period> &'에 대한 템플릿 인수를 추론할 수 없습니다.
C:\Users\My\Documents\GitHub\ConsoleEngine\ConsoleEngine\ConsoleEngine.h(83,61): error C2088: '-': class에 맞지 않습니다.
C:\Users\My\Documents\GitHub\ConsoleEngine\ConsoleEngine\ConsoleEngine.h(84,7): error C2065: 'm_FPS': 선언되지 않은 식별자입니다.
C:\Users\My\Documents\GitHub\ConsoleEngine\ConsoleEngine\ConsoleEngine.h(84,7): error C3861: 'm_FPS': 식별자를 찾을 수 없습니다.
C:\Users\My\Documents\GitHub\ConsoleEngine\ConsoleEngine\ConsoleEngine.h(85,57): error C2676: 이항 '-': 'std::chrono::system_clock::time_point'이(가) 이 연산자를 정의하지 않거나 미리 정의된 연산자에 허용되는 형식으로의 변환을 정의하지 않습니다.
C:\Program Files\Microsoft Visual Studio\2022\Community\VC\Tools\MSVC\14.33.31629\include\xutility(3963,30): message : 'unknown-type std::operator -(const std::move_iterator<_Iter> &,const std::move_iterator<_Iter2> &)'일 수 있습니다.
C:\Users\My\Documents\GitHub\ConsoleEngine\ConsoleEngine\ConsoleEngine.h(85,54): error C2784: 'unknown-type std::operator -(const std::move_iterator<_Iter> &,const std::move_iterator<_Iter2> &)': 'std::chrono::system_clock::time_point'에서 'const std::move_iterator<_Iter> &'에 대한 템플릿 인수를 추론할 수 없습니다.
C:\Program Files\Microsoft Visual Studio\2022\Community\VC\Tools\MSVC\14.33.31629\include\xutility(3963): message : 'std::operator -' 선언을 참조하십시오.
C:\Users\My\Documents\GitHub\ConsoleEngine\ConsoleEngine\ConsoleEngine.h(85,54): error C2784: 'unknown-type std::operator -(const std::reverse_iterator<_BidIt> &,const std::reverse_iterator<_BidIt2> &)': 'std::chrono::system_clock::time_point'에서 'const std::reverse_iterator<_BidIt> &'에 대한 템플릿 인수를 추론할 수 없습니다.
C:\Users\My\Documents\GitHub\ConsoleEngine\ConsoleEngine\ConsoleEngine.h(85,54): error C2893: 함수 템플릿 'common_type<_Duration1,_Duration2>::type std::chrono::operator -(const std::chrono::time_point<_Clock,_Duration> &,const std::chrono::time_point<_Clock,_Duration2> &) noexcept(<expr>)'을(를) 특수화하지 못했습니다.
C:\Users\My\Documents\GitHub\ConsoleEngine\ConsoleEngine\ConsoleEngine.h(85,54): error C2784: 'std::chrono::time_point<_Clock,common_type<_Duration,std::chrono::duration<_Rep2,_Period2>>::type> std::chrono::operator -(const std::chrono::time_point<_Clock,_Duration> &,const std::chrono::duration<_Rep2,_Period2> &) noexcept(<expr>)': 'std::chrono::time_point<std::chrono::system_clock,std::chrono::duration<std::chrono::system_clock::rep,std::chrono::system_clock::period>>'에서 'const std::chrono::duration<_Rep2,_Period2> &'에 대한 템플릿 인수를 추론할 수 없습니다.
C:\Users\My\Documents\GitHub\ConsoleEngine\ConsoleEngine\ConsoleEngine.h(85,54): error C2784: 'common_type<std::chrono::duration<_Rep,_Period>,std::chrono::duration<_Rep2,_Period2>>::type std::chrono::operator -(const std::chrono::duration<_Rep,_Period> &,const std::chrono::duration<_Rep2,_Period2> &) noexcept(<expr>)': 'std::chrono::system_clock::time_point'에서 'const std::chrono::duration<_Rep,_Period> &'에 대한 템플릿 인수를 추론할 수 없습니다.
C:\Users\My\Documents\GitHub\ConsoleEngine\ConsoleEngine\ConsoleEngine.h(50,2): error C2065: 'm_FPS': 선언되지 않은 식별자입니다.
C:\Users\My\Documents\GitHub\ConsoleEngine\ConsoleEngine\ConsoleEngine.h(52,2): error C2065: 'isDone': 선언되지 않은 식별자입니다.
C:\Users\My\Documents\GitHub\ConsoleEngine\ConsoleEngine\ConsoleEngine.h(69,64): error C2065: 'isDone': 선언되지 않은 식별자입니다.
C:\Users\My\Documents\GitHub\ConsoleEngine\ConsoleEngine\ConsoleEngine.cpp(5,16): error C2027: 정의되지 않은 형식 'ConsoleEngine'을(를) 사용했습니다.
C:\Users\My\Documents\GitHub\ConsoleEngine\ConsoleEngine\Debug.h(9): message : 'ConsoleEngine' 선언을 참조하십시오.
C:\Users\My\Documents\GitHub\ConsoleEngine\ConsoleEngine\ConsoleEngine.cpp(5,32): error C4430: 형식 지정자가 없습니다. int로 가정합니다. 참고: C++에서는 기본 int를 지원하지 않습니다.
C:\Users\My\Documents\GitHub\ConsoleEngine\ConsoleEngine\ConsoleEngine.cpp(5,59): error C2550: 'Components::{ctor}': 생성자 이니셜라이저 목록은 생성자 정의에만 사용할 수 있습니다.
C:\Users\My\Documents\GitHub\ConsoleEngine\ConsoleEngine\ConsoleEngine.cpp(14,1): warning C4508: 'Components::{ctor}': 함수는 값을 반환해야 하므로 'void' 반환 형식으로 간주됩니다.
C:\Users\My\Documents\GitHub\ConsoleEngine\ConsoleEngine\ConsoleEngine.cpp(15,21): error C2027: 정의되지 않은 형식 'ConsoleEngine'을(를) 사용했습니다.
C:\Users\My\Documents\GitHub\ConsoleEngine\ConsoleEngine\Debug.h(9): message : 'ConsoleEngine' 선언을 참조하십시오.
C:\Users\My\Documents\GitHub\ConsoleEngine\ConsoleEngine\ConsoleEngine.cpp(16,20): error C2248: 'Keyboard::Release': private 멤버('Keyboard' 클래스에서 선언)에 액세스할 수 없습니다.
C:\Users\My\Documents\GitHub\ConsoleEngine\ConsoleEngine\Keyboard.h(136): message : 'Keyboard::Release' 선언을 참조하십시오.
C:\Users\My\Documents\GitHub\ConsoleEngine\ConsoleEngine\Keyboard.h(132): message : 'Keyboard' 선언을 참조하십시오.
C:\Users\My\Documents\GitHub\ConsoleEngine\ConsoleEngine\ConsoleEngine.cpp(17,19): error C2248: 'Graphic::Release': private 멤버('Graphic' 클래스에서 선언)에 액세스할 수 없습니다.
C:\Users\My\Documents\GitHub\ConsoleEngine\ConsoleEngine\Graphic.h(47): message : 'Graphic::Release' 선언을 참조하십시오.
C:\Users\My\Documents\GitHub\ConsoleEngine\ConsoleEngine\Graphic.h(15): message : 'Graphic' 선언을 참조하십시오.
C:\Users\My\Documents\GitHub\ConsoleEngine\ConsoleEngine\ConsoleEngine.cpp(18,16): error C2248: 'Math::Release': private 멤버('Math' 클래스에서 선언)에 액세스할 수 없습니다.
C:\Users\My\Documents\GitHub\ConsoleEngine\ConsoleEngine\Math.h(11): message : 'Math::Release' 선언을 참조하십시오.
C:\Users\My\Documents\GitHub\ConsoleEngine\ConsoleEngine\Math.h(7): message : 'Math' 선언을 참조하십시오.
C:\Users\My\Documents\GitHub\ConsoleEngine\ConsoleEngine\ConsoleEngine.cpp(19,17): error C2248: 'Debug::Release': private 멤버('Debug' 클래스에서 선언)에 액세스할 수 없습니다.
C:\Users\My\Documents\GitHub\ConsoleEngine\ConsoleEngine\Debug.h(12): message : 'Debug::Release' 선언을 참조하십시오.
C:\Users\My\Documents\GitHub\ConsoleEngine\ConsoleEngine\Debug.h(8): message : 'Debug' 선언을 참조하십시오.
  GameObjects.cpp
C:\Users\My\Documents\GitHub\ConsoleEngine\ConsoleEngine\Components.h(59,18): error C2059: 구문 오류: '}'
C:\Users\My\Documents\GitHub\ConsoleEngine\ConsoleEngine\Components.h(60,2): error C2143: 구문 오류: ';'이(가) '}' 앞에 없습니다.
C:\Users\My\Documents\GitHub\ConsoleEngine\ConsoleEngine\Components.h(60,2): error C2059: 구문 오류: '}'
C:\Users\My\Documents\GitHub\ConsoleEngine\ConsoleEngine\Components.h(59,18): error C2143: 구문 오류: ';'이(가) '}' 앞에 없습니다.
C:\Users\My\Documents\GitHub\ConsoleEngine\ConsoleEngine\Components.h(63,34): error C2059: 구문 오류: '멤버 이니셜라이저'
C:\Users\My\Documents\GitHub\ConsoleEngine\ConsoleEngine\Components.h(64,14): error C2059: 구문 오류: '멤버 이니셜라이저'
C:\Users\My\Documents\GitHub\ConsoleEngine\ConsoleEngine\Components.h(65,16): error C2059: 구문 오류: '멤버 이니셜라이저'
C:\Users\My\Documents\GitHub\ConsoleEngine\ConsoleEngine\Components.h(74,1): error C2059: 구문 오류: '<L_GRAMMAR_end_class>'
C:\Users\My\Documents\GitHub\ConsoleEngine\ConsoleEngine\GameObjects.h(8,23): error C2143: 구문 오류: ';'이(가) '{' 앞에 없습니다.
C:\Users\My\Documents\GitHub\ConsoleEngine\ConsoleEngine\GameObjects.h(8,23): error C2447: '{': 함수 헤더가 없습니다. 이전 스타일의 형식 목록입니까?
C:\Users\My\Documents\GitHub\ConsoleEngine\ConsoleEngine\GameObjects.cpp(3,28): error C2871: 'GameObjects': 같은 이름을 가진 네임스페이스가 없습니다.
C:\Users\My\Documents\GitHub\ConsoleEngine\ConsoleEngine\GameObjects.cpp(5,6): error C2653: 'Camera': 클래스 또는 네임스페이스 이름이 아닙니다.
C:\Users\My\Documents\GitHub\ConsoleEngine\ConsoleEngine\GameObjects.cpp(6,2): error C2355: 'this': 비정적 멤버 함수 또는 비정적 데이터 멤버 이니셜라이저 안에서만 참조할 수 있습니다.
C:\Users\My\Documents\GitHub\ConsoleEngine\ConsoleEngine\GameObjects.cpp(7,2): error C2065: 'AddComponent': 선언되지 않은 식별자입니다.
C:\Users\My\Documents\GitHub\ConsoleEngine\ConsoleEngine\GameObjects.cpp(7,27): error C2275: 'Components::Camera': 형식 대신 식이 필요합니다.
C:\Users\My\Documents\GitHub\ConsoleEngine\ConsoleEngine\GameObjects.cpp(7,35): error C2059: 구문 오류: ')'
  Scene.cpp
