  Components.cpp
F:\Github Project\ConsoleEngine\Dalma\Components.cpp(279,28): error C2677: 이항 '+': 'std::wstring' 형식을 사용하는 전역 연산자가 없거나 허용되는 변환이 없습니다.
C:\Program Files\Microsoft Visual Studio\2022\Community\VC\Tools\MSVC\14.34.31933\include\xstring(5177,62): message : 'std::basic_string<_Elem,_Traits,_Alloc> std::operator +(std::basic_string<_Elem,_Traits,_Alloc> &&,const _Elem)'일 수 있습니다.
F:\Github Project\ConsoleEngine\Dalma\Components.cpp(279,18): message : 'std::basic_string<_Elem,_Traits,_Alloc> std::operator +(std::basic_string<_Elem,_Traits,_Alloc> &&,const _Elem)': 'const char [8]'에서 'std::basic_string<_Elem,_Traits,_Alloc> &&'에 대한 템플릿 인수를 추론할 수 없습니다.
C:\Program Files\Microsoft Visual Studio\2022\Community\VC\Tools\MSVC\14.34.31933\include\xstring(5171,62): message : 또는       'std::basic_string<_Elem,_Traits,_Alloc> std::operator +(std::basic_string<_Elem,_Traits,_Alloc> &&,const _Elem *const )'
F:\Github Project\ConsoleEngine\Dalma\Components.cpp(279,18): message : 'std::basic_string<_Elem,_Traits,_Alloc> std::operator +(std::basic_string<_Elem,_Traits,_Alloc> &&,const _Elem *const )': 'const char [8]'에서 'std::basic_string<_Elem,_Traits,_Alloc> &&'에 대한 템플릿 인수를 추론할 수 없습니다.
C:\Program Files\Microsoft Visual Studio\2022\Community\VC\Tools\MSVC\14.34.31933\include\xstring(5165,62): message : 또는       'std::basic_string<_Elem,_Traits,_Alloc> std::operator +(const _Elem,std::basic_string<_Elem,_Traits,_Alloc> &&)'
F:\Github Project\ConsoleEngine\Dalma\Components.cpp(279,18): message : 'std::basic_string<_Elem,_Traits,_Alloc> std::operator +(const _Elem,std::basic_string<_Elem,_Traits,_Alloc> &&)': 템플릿 매개 변수 '_Elem'이(가) 모호합니다.
F:\Github Project\ConsoleEngine\Dalma\Components.cpp(279,18): message : 'wchar_t'일 수 있습니다.
F:\Github Project\ConsoleEngine\Dalma\Components.cpp(279,18): message : 또는      'const char *'
F:\Github Project\ConsoleEngine\Dalma\Components.cpp(279,18): message : 'std::basic_string<_Elem,_Traits,_Alloc> std::operator +(const _Elem,std::basic_string<_Elem,_Traits,_Alloc> &&)': 'std::wstring'에서 'std::basic_string<_Elem,_Traits,_Alloc> &&'에 대한 템플릿 인수를 추론할 수 없습니다.
C:\Program Files\Microsoft Visual Studio\2022\Community\VC\Tools\MSVC\14.34.31933\include\xstring(5159,62): message : 또는       'std::basic_string<_Elem,_Traits,_Alloc> std::operator +(const _Elem *const ,std::basic_string<_Elem,_Traits,_Alloc> &&)'
F:\Github Project\ConsoleEngine\Dalma\Components.cpp(279,18): message : 'std::basic_string<_Elem,_Traits,_Alloc> std::operator +(const _Elem *const ,std::basic_string<_Elem,_Traits,_Alloc> &&)': 템플릿 매개 변수 '_Elem'이(가) 모호합니다.
F:\Github Project\ConsoleEngine\Dalma\Components.cpp(279,18): message : 'wchar_t'일 수 있습니다.
F:\Github Project\ConsoleEngine\Dalma\Components.cpp(279,18): message : 또는      'char'
F:\Github Project\ConsoleEngine\Dalma\Components.cpp(279,18): message : 'std::basic_string<_Elem,_Traits,_Alloc> std::operator +(const _Elem *const ,std::basic_string<_Elem,_Traits,_Alloc> &&)': 'std::wstring'에서 'std::basic_string<_Elem,_Traits,_Alloc> &&'에 대한 템플릿 인수를 추론할 수 없습니다.
C:\Program Files\Microsoft Visual Studio\2022\Community\VC\Tools\MSVC\14.34.31933\include\xstring(5146,62): message : 또는       'std::basic_string<_Elem,_Traits,_Alloc> std::operator +(std::basic_string<_Elem,_Traits,_Alloc> &&,std::basic_string<_Elem,_Traits,_Alloc> &&)'
F:\Github Project\ConsoleEngine\Dalma\Components.cpp(279,18): message : 'std::basic_string<_Elem,_Traits,_Alloc> std::operator +(std::basic_string<_Elem,_Traits,_Alloc> &&,std::basic_string<_Elem,_Traits,_Alloc> &&)': 'const char [8]'에서 'std::basic_string<_Elem,_Traits,_Alloc> &&'에 대한 템플릿 인수를 추론할 수 없습니다.
C:\Program Files\Microsoft Visual Studio\2022\Community\VC\Tools\MSVC\14.34.31933\include\xstring(5140,62): message : 또는       'std::basic_string<_Elem,_Traits,_Alloc> std::operator +(std::basic_string<_Elem,_Traits,_Alloc> &&,const std::basic_string<_Elem,_Traits,_Alloc> &)'
F:\Github Project\ConsoleEngine\Dalma\Components.cpp(279,18): message : 'std::basic_string<_Elem,_Traits,_Alloc> std::operator +(std::basic_string<_Elem,_Traits,_Alloc> &&,const std::basic_string<_Elem,_Traits,_Alloc> &)': 'const char [8]'에서 'std::basic_string<_Elem,_Traits,_Alloc> &&'에 대한 템플릿 인수를 추론할 수 없습니다.
C:\Program Files\Microsoft Visual Studio\2022\Community\VC\Tools\MSVC\14.34.31933\include\xstring(5134,62): message : 또는       'std::basic_string<_Elem,_Traits,_Alloc> std::operator +(const std::basic_string<_Elem,_Traits,_Alloc> &,std::basic_string<_Elem,_Traits,_Alloc> &&)'
F:\Github Project\ConsoleEngine\Dalma\Components.cpp(279,18): message : 'std::basic_string<_Elem,_Traits,_Alloc> std::operator +(const std::basic_string<_Elem,_Traits,_Alloc> &,std::basic_string<_Elem,_Traits,_Alloc> &&)': 'const char [8]'에서 'const std::basic_string<_Elem,_Traits,_Alloc> &'에 대한 템플릿 인수를 추론할 수 없습니다.
C:\Program Files\Microsoft Visual Studio\2022\Community\VC\Tools\MSVC\14.34.31933\include\xstring(5123,62): message : 또는       'std::basic_string<_Elem,_Traits,_Alloc> std::operator +(const std::basic_string<_Elem,_Traits,_Alloc> &,const _Elem)'
F:\Github Project\ConsoleEngine\Dalma\Components.cpp(279,18): message : 'std::basic_string<_Elem,_Traits,_Alloc> std::operator +(const std::basic_string<_Elem,_Traits,_Alloc> &,const _Elem)': 'const char [8]'에서 'const std::basic_string<_Elem,_Traits,_Alloc> &'에 대한 템플릿 인수를 추론할 수 없습니다.
C:\Program Files\Microsoft Visual Studio\2022\Community\VC\Tools\MSVC\14.34.31933\include\xstring(5110,62): message : 또는       'std::basic_string<_Elem,_Traits,_Alloc> std::operator +(const std::basic_string<_Elem,_Traits,_Alloc> &,const _Elem *const )'
F:\Github Project\ConsoleEngine\Dalma\Components.cpp(279,18): message : 'std::basic_string<_Elem,_Traits,_Alloc> std::operator +(const std::basic_string<_Elem,_Traits,_Alloc> &,const _Elem *const )': 'const char [8]'에서 'const std::basic_string<_Elem,_Traits,_Alloc> &'에 대한 템플릿 인수를 추론할 수 없습니다.
C:\Program Files\Microsoft Visual Studio\2022\Community\VC\Tools\MSVC\14.34.31933\include\xstring(5099,62): message : 또는       'std::basic_string<_Elem,_Traits,_Alloc> std::operator +(const _Elem,const std::basic_string<_Elem,_Traits,_Alloc> &)'
F:\Github Project\ConsoleEngine\Dalma\Components.cpp(279,18): message : 'std::basic_string<_Elem,_Traits,_Alloc> std::operator +(const _Elem,const std::basic_string<_Elem,_Traits,_Alloc> &)': 템플릿 매개 변수 '_Elem'이(가) 모호합니다.
F:\Github Project\ConsoleEngine\Dalma\Components.cpp(279,18): message : 'wchar_t'일 수 있습니다.
F:\Github Project\ConsoleEngine\Dalma\Components.cpp(279,18): message : 또는      'const char *'
F:\Github Project\ConsoleEngine\Dalma\Components.cpp(279,18): message : 'std::basic_string<_Elem,_Traits,_Alloc> std::operator +(const _Elem,const std::basic_string<_Elem,_Traits,_Alloc> &)': 'std::wstring'에서 'const std::basic_string<_Elem,_Traits,_Alloc> &'에 대한 템플릿 인수를 추론할 수 없습니다.
C:\Program Files\Microsoft Visual Studio\2022\Community\VC\Tools\MSVC\14.34.31933\include\xstring(5086,62): message : 또는       'std::basic_string<_Elem,_Traits,_Alloc> std::operator +(const _Elem *const ,const std::basic_string<_Elem,_Traits,_Alloc> &)'
F:\Github Project\ConsoleEngine\Dalma\Components.cpp(279,18): message : 'std::basic_string<_Elem,_Traits,_Alloc> std::operator +(const _Elem *const ,const std::basic_string<_Elem,_Traits,_Alloc> &)': 템플릿 매개 변수 '_Elem'이(가) 모호합니다.
F:\Github Project\ConsoleEngine\Dalma\Components.cpp(279,18): message : 'wchar_t'일 수 있습니다.
F:\Github Project\ConsoleEngine\Dalma\Components.cpp(279,18): message : 또는      'char'
F:\Github Project\ConsoleEngine\Dalma\Components.cpp(279,18): message : 'std::basic_string<_Elem,_Traits,_Alloc> std::operator +(const _Elem *const ,const std::basic_string<_Elem,_Traits,_Alloc> &)': 'std::wstring'에서 'const std::basic_string<_Elem,_Traits,_Alloc> &'에 대한 템플릿 인수를 추론할 수 없습니다.
C:\Program Files\Microsoft Visual Studio\2022\Community\VC\Tools\MSVC\14.34.31933\include\xstring(5074,62): message : 또는       'std::basic_string<_Elem,_Traits,_Alloc> std::operator +(const std::basic_string<_Elem,_Traits,_Alloc> &,const std::basic_string<_Elem,_Traits,_Alloc> &)'
F:\Github Project\ConsoleEngine\Dalma\Components.cpp(279,18): message : 'std::basic_string<_Elem,_Traits,_Alloc> std::operator +(const std::basic_string<_Elem,_Traits,_Alloc> &,const std::basic_string<_Elem,_Traits,_Alloc> &)': 'const char [8]'에서 'const std::basic_string<_Elem,_Traits,_Alloc> &'에 대한 템플릿 인수를 추론할 수 없습니다.
C:\Program Files\Microsoft Visual Studio\2022\Community\VC\Tools\MSVC\14.34.31933\include\xutility(3657,5): message : 또는       'std::move_iterator<_Iter> std::operator +(move_iterator<_Iter>::difference_type,const std::move_iterator<_Iter> &) noexcept(<expr>)'
F:\Github Project\ConsoleEngine\Dalma\Components.cpp(279,18): message : 'std::move_iterator<_Iter> std::operator +(move_iterator<_Iter>::difference_type,const std::move_iterator<_Iter> &) noexcept(<expr>)': 'std::wstring'에서 'const std::move_iterator<_Iter> &'에 대한 템플릿 인수를 추론할 수 없습니다.
C:\Program Files\Microsoft Visual Studio\2022\Community\VC\Tools\MSVC\14.34.31933\include\xutility(1490,50): message : 또는       'std::reverse_iterator<_BidIt> std::operator +(reverse_iterator<_BidIt>::difference_type,const std::reverse_iterator<_BidIt> &) noexcept(<expr>)'
F:\Github Project\ConsoleEngine\Dalma\Components.cpp(279,18): message : 'std::reverse_iterator<_BidIt> std::operator +(reverse_iterator<_BidIt>::difference_type,const std::reverse_iterator<_BidIt> &) noexcept(<expr>)': 'std::wstring'에서 'const std::reverse_iterator<_BidIt> &'에 대한 템플릿 인수를 추론할 수 없습니다.
C:\Program Files\Microsoft Visual Studio\2022\Community\VC\Tools\MSVC\14.34.31933\include\__msvc_chrono.hpp(536,9): message : 또는       'std::chrono::time_point<_Clock,common_type<std::chrono::duration<_Rep,_Period>,_Duration>::type> std::chrono::operator +(const std::chrono::duration<_Rep,_Period> &,const std::chrono::time_point<_Clock,_Duration> &) noexcept(<expr>)'
F:\Github Project\ConsoleEngine\Dalma\Components.cpp(279,18): message : 'std::chrono::time_point<_Clock,common_type<std::chrono::duration<_Rep,_Period>,_Duration>::type> std::chrono::operator +(const std::chrono::duration<_Rep,_Period> &,const std::chrono::time_point<_Clock,_Duration> &) noexcept(<expr>)': 'const char [8]'에서 'const std::chrono::duration<_Rep,_Period> &'에 대한 템플릿 인수를 추론할 수 없습니다.
C:\Program Files\Microsoft Visual Studio\2022\Community\VC\Tools\MSVC\14.34.31933\include\__msvc_chrono.hpp(528,9): message : 또는       'std::chrono::time_point<_Clock,common_type<_Duration,std::chrono::duration<_Rep2,_Period2>>::type> std::chrono::operator +(const std::chrono::time_point<_Clock,_Duration> &,const std::chrono::duration<_Rep2,_Period2> &) noexcept(<expr>)'
F:\Github Project\ConsoleEngine\Dalma\Components.cpp(279,18): message : 'std::chrono::time_point<_Clock,common_type<_Duration,std::chrono::duration<_Rep2,_Period2>>::type> std::chrono::operator +(const std::chrono::time_point<_Clock,_Duration> &,const std::chrono::duration<_Rep2,_Period2> &) noexcept(<expr>)': 'const char [8]'에서 'const std::chrono::time_point<_Clock,_Duration> &'에 대한 템플릿 인수를 추론할 수 없습니다.
C:\Program Files\Microsoft Visual Studio\2022\Community\VC\Tools\MSVC\14.34.31933\include\__msvc_chrono.hpp(282,9): message : 또는       'common_type<std::chrono::duration<_Rep,_Period>,std::chrono::duration<_Rep2,_Period2>>::type std::chrono::operator +(const std::chrono::duration<_Rep,_Period> &,const std::chrono::duration<_Rep2,_Period2> &) noexcept(<expr>)'
F:\Github Project\ConsoleEngine\Dalma\Components.cpp(279,18): message : 'common_type<std::chrono::duration<_Rep,_Period>,std::chrono::duration<_Rep2,_Period2>>::type std::chrono::operator +(const std::chrono::duration<_Rep,_Period> &,const std::chrono::duration<_Rep2,_Period2> &) noexcept(<expr>)': 'const char [8]'에서 'const std::chrono::duration<_Rep,_Period> &'에 대한 템플릿 인수를 추론할 수 없습니다.
F:\Github Project\ConsoleEngine\Dalma\Components.cpp(316,4): warning C4267: '초기화 중': 'size_t'에서 'int'(으)로 변환하면서 데이터가 손실될 수 있습니다.
F:\Github Project\ConsoleEngine\Dalma\Components.cpp(331,4): warning C4267: '초기화 중': 'size_t'에서 'int'(으)로 변환하면서 데이터가 손실될 수 있습니다.
F:\Github Project\ConsoleEngine\Dalma\Components.cpp(349,5): warning C4267: '초기화 중': 'size_t'에서 'int'(으)로 변환하면서 데이터가 손실될 수 있습니다.
F:\Github Project\ConsoleEngine\Dalma\Components.cpp(357,6): warning C4267: '초기화 중': 'size_t'에서 'int'(으)로 변환하면서 데이터가 손실될 수 있습니다.
F:\Github Project\ConsoleEngine\Dalma\Components.cpp(368,6): warning C4267: '초기화 중': 'size_t'에서 'int'(으)로 변환하면서 데이터가 손실될 수 있습니다.
F:\Github Project\ConsoleEngine\Dalma\Components.cpp(389,6): warning C4267: '초기화 중': 'size_t'에서 'int'(으)로 변환하면서 데이터가 손실될 수 있습니다.
F:\Github Project\ConsoleEngine\Dalma\Components.cpp(423,6): warning C4267: '초기화 중': 'size_t'에서 'int'(으)로 변환하면서 데이터가 손실될 수 있습니다.
F:\Github Project\ConsoleEngine\Dalma\Components.cpp(439,6): warning C4267: '초기화 중': 'size_t'에서 'int'(으)로 변환하면서 데이터가 손실될 수 있습니다.
F:\Github Project\ConsoleEngine\Dalma\Components.cpp(757,47): warning C4267: '=': 'size_t'에서 'int'(으)로 변환하면서 데이터가 손실될 수 있습니다.
  GameObjects.cpp
  main.cpp
  Scenes.cpp
  코드를 생성하고 있습니다...
